2026-04-03T14:32:20.585-0500 [DEBUG] [org.gradle.launcher.daemon.bootstrap.DaemonMain] Assuming the daemon was started with following jvm opts: [--add-opens=java.base/java.util=ALL-UNNAMED, --add-opens=java.base/java.lang=ALL-UNNAMED, --add-opens=java.base/java.lang.invoke=ALL-UNNAMED, --add-opens=java.prefs/java.util.prefs=ALL-UNNAMED, --add-opens=java.base/java.nio.charset=ALL-UNNAMED, --add-opens=java.base/java.net=ALL-UNNAMED, --add-opens=java.base/java.util.concurrent.atomic=ALL-UNNAMED, -Xmx3G, -Dfile.encoding=windows-1252, -Duser.country=US, -Duser.language=en, -Duser.variant]
2026-04-03T14:32:20.717-0500 [DEBUG] [org.gradle.internal.nativeintegration.services.NativeServices] Native-platform posix files integration is not available. Continuing with fallback.
2026-04-03T14:32:20.729-0500 [INFO] [org.gradle.launcher.daemon.server.Daemon] start() called on daemon - DefaultDaemonContext[uid=0c0b3343-b6b8-4456-abef-5d3d3efcef56,javaHome=C:\Program Files\Java\jdk-17,javaVersion=17,daemonRegistryDir=D:\Users\wxinc\OneDrive\Desktop\Minecraft-modding-stuff\Create-Train-Station-Speakers\.gradle-user-home\daemon,pid=30632,idleTimeout=120000,priority=NORMAL,applyInstrumentationAgent=true,nativeServicesMode=ENABLED,daemonOpts=--add-opens=java.base/java.util=ALL-UNNAMED,--add-opens=java.base/java.lang=ALL-UNNAMED,--add-opens=java.base/java.lang.invoke=ALL-UNNAMED,--add-opens=java.prefs/java.util.prefs=ALL-UNNAMED,--add-opens=java.base/java.nio.charset=ALL-UNNAMED,--add-opens=java.base/java.net=ALL-UNNAMED,--add-opens=java.base/java.util.concurrent.atomic=ALL-UNNAMED,-Xmx3G,-Dfile.encoding=windows-1252,-Duser.country=US,-Duser.language=en,-Duser.variant]
2026-04-03T14:32:20.820-0500 [DEBUG] [org.gradle.internal.remote.internal.inet.InetAddresses] Adding IP addresses for network interface Software Loopback Interface 1
2026-04-03T14:32:20.822-0500 [DEBUG] [org.gradle.internal.remote.internal.inet.InetAddresses] Is this a loopback interface? true
2026-04-03T14:32:20.823-0500 [DEBUG] [org.gradle.internal.remote.internal.inet.InetAddresses] Adding loopback address /127.0.0.1
2026-04-03T14:32:20.823-0500 [DEBUG] [org.gradle.internal.remote.internal.inet.InetAddresses] Adding loopback address /0:0:0:0:0:0:0:1
2026-04-03T14:32:20.824-0500 [DEBUG] [org.gradle.internal.remote.internal.inet.InetAddresses] Adding IP addresses for network interface Microsoft 6to4 Adapter
2026-04-03T14:32:20.826-0500 [DEBUG] [org.gradle.internal.remote.internal.inet.InetAddresses] Is this a loopback interface? false
2026-04-03T14:32:20.827-0500 [DEBUG] [org.gradle.internal.remote.internal.inet.InetAddresses] Adding IP addresses for network interface Killer(R) Wi-Fi 6 AX1650x 160MHz Wireless Network Adapter (200NGW)
2026-04-03T14:32:20.829-0500 [DEBUG] [org.gradle.internal.remote.internal.inet.InetAddresses] Is this a loopback interface? false
2026-04-03T14:32:20.830-0500 [DEBUG] [org.gradle.internal.remote.internal.inet.InetAddresses] Adding remote address /192.168.1.131
2026-04-03T14:32:20.830-0500 [DEBUG] [org.gradle.internal.remote.internal.inet.InetAddresses] Adding remote address /2600:1700:c00:3120:0:0:0:41
2026-04-03T14:32:20.830-0500 [DEBUG] [org.gradle.internal.remote.internal.inet.InetAddresses] Adding remote address /2600:1700:c00:3120:3474:9a8:1dc9:528c
2026-04-03T14:32:20.831-0500 [DEBUG] [org.gradle.internal.remote.internal.inet.InetAddresses] Adding remote address /2600:1700:c00:3120:68a3:eab7:8510:f4c7
2026-04-03T14:32:20.831-0500 [DEBUG] [org.gradle.internal.remote.internal.inet.InetAddresses] Adding remote address /fe80:0:0:0:6f01:82b2:3a70:3a17%wlan0
2026-04-03T14:32:20.831-0500 [DEBUG] [org.gradle.internal.remote.internal.inet.InetAddresses] Adding IP addresses for network interface WAN Miniport (IKEv2)
2026-04-03T14:32:20.834-0500 [DEBUG] [org.gradle.internal.remote.internal.inet.InetAddresses] Is this a loopback interface? false
2026-04-03T14:32:20.835-0500 [DEBUG] [org.gradle.internal.remote.internal.inet.InetAddresses] Adding IP addresses for network interface WAN Miniport (PPTP)
2026-04-03T14:32:20.838-0500 [DEBUG] [org.gradle.internal.remote.internal.inet.InetAddresses] Is this a loopback interface? false
2026-04-03T14:32:20.838-0500 [DEBUG] [org.gradle.internal.remote.internal.inet.InetAddresses] Adding IP addresses for network interface Microsoft IP-HTTPS Platform Adapter
2026-04-03T14:32:20.841-0500 [DEBUG] [org.gradle.internal.remote.internal.inet.InetAddresses] Is this a loopback interface? false
2026-04-03T14:32:20.841-0500 [DEBUG] [org.gradle.internal.remote.internal.inet.InetAddresses] Adding IP addresses for network interface Microsoft Kernel Debug Network Adapter
2026-04-03T14:32:20.844-0500 [DEBUG] [org.gradle.internal.remote.internal.inet.InetAddresses] Is this a loopback interface? false
2026-04-03T14:32:20.844-0500 [DEBUG] [org.gradle.internal.remote.internal.inet.InetAddresses] Adding IP addresses for network interface Famatech Radmin VPN Ethernet Adapter
2026-04-03T14:32:20.847-0500 [DEBUG] [org.gradle.internal.remote.internal.inet.InetAddresses] Is this a loopback interface? false
2026-04-03T14:32:20.847-0500 [DEBUG] [org.gradle.internal.remote.internal.inet.InetAddresses] Adding remote address /26.227.120.94
2026-04-03T14:32:20.847-0500 [DEBUG] [org.gradle.internal.remote.internal.inet.InetAddresses] Adding remote address /fdfd:0:0:0:0:0:1ae3:785e
2026-04-03T14:32:20.847-0500 [DEBUG] [org.gradle.internal.remote.internal.inet.InetAddresses] Adding remote address /fe80:0:0:0:f421:f5c4:ecf6:378%eth1
2026-04-03T14:32:20.847-0500 [DEBUG] [org.gradle.internal.remote.internal.inet.InetAddresses] Adding IP addresses for network interface Microsoft Wi-Fi Direct Virtual Adapter
2026-04-03T14:32:20.850-0500 [DEBUG] [org.gradle.internal.remote.internal.inet.InetAddresses] Is this a loopback interface? false
2026-04-03T14:32:20.851-0500 [DEBUG] [org.gradle.internal.remote.internal.inet.InetAddresses] Adding remote address /fe80:0:0:0:235f:620d:6c2b:f05d%wlan1
2026-04-03T14:32:20.851-0500 [DEBUG] [org.gradle.internal.remote.internal.inet.InetAddresses] Adding IP addresses for network interface WAN Miniport (IP)
2026-04-03T14:32:20.853-0500 [DEBUG] [org.gradle.internal.remote.internal.inet.InetAddresses] Is this a loopback interface? false
2026-04-03T14:32:20.854-0500 [DEBUG] [org.gradle.internal.remote.internal.inet.InetAddresses] Adding IP addresses for network interface Bluetooth Device (Personal Area Network)
2026-04-03T14:32:20.857-0500 [DEBUG] [org.gradle.internal.remote.internal.inet.InetAddresses] Is this a loopback interface? false
2026-04-03T14:32:20.857-0500 [DEBUG] [org.gradle.internal.remote.internal.inet.InetAddresses] Adding remote address /fe80:0:0:0:7498:bde4:a6d6:b801%eth3
2026-04-03T14:32:20.857-0500 [DEBUG] [org.gradle.internal.remote.internal.inet.InetAddresses] Adding IP addresses for network interface Microsoft Teredo Tunneling Adapter
2026-04-03T14:32:20.860-0500 [DEBUG] [org.gradle.internal.remote.internal.inet.InetAddresses] Is this a loopback interface? false
2026-04-03T14:32:20.860-0500 [DEBUG] [org.gradle.internal.remote.internal.inet.InetAddresses] Adding remote address /2001:0:14c9:cc02:300c:988:2eb3:49c0
2026-04-03T14:32:20.860-0500 [DEBUG] [org.gradle.internal.remote.internal.inet.InetAddresses] Adding remote address /fe80:0:0:0:300c:988:2eb3:49c0%net4
2026-04-03T14:32:20.860-0500 [DEBUG] [org.gradle.internal.remote.internal.inet.InetAddresses] Adding IP addresses for network interface WAN Miniport (IPv6)
2026-04-03T14:32:20.863-0500 [DEBUG] [org.gradle.internal.remote.internal.inet.InetAddresses] Is this a loopback interface? false
2026-04-03T14:32:20.864-0500 [DEBUG] [org.gradle.internal.remote.internal.inet.InetAddresses] Adding IP addresses for network interface WAN Miniport (PPPOE)
2026-04-03T14:32:20.866-0500 [DEBUG] [org.gradle.internal.remote.internal.inet.InetAddresses] Is this a loopback interface? false
2026-04-03T14:32:20.866-0500 [DEBUG] [org.gradle.internal.remote.internal.inet.InetAddresses] Adding IP addresses for network interface WAN Miniport (L2TP)
2026-04-03T14:32:20.869-0500 [DEBUG] [org.gradle.internal.remote.internal.inet.InetAddresses] Is this a loopback interface? false
2026-04-03T14:32:20.870-0500 [DEBUG] [org.gradle.internal.remote.internal.inet.InetAddresses] Adding IP addresses for network interface Realtek Gaming 2.5GbE Family Controller
2026-04-03T14:32:20.873-0500 [DEBUG] [org.gradle.internal.remote.internal.inet.InetAddresses] Is this a loopback interface? false
2026-04-03T14:32:20.873-0500 [DEBUG] [org.gradle.internal.remote.internal.inet.InetAddresses] Adding remote address /fe80:0:0:0:eb7a:3e4c:5bd3:c948%eth5
2026-04-03T14:32:20.873-0500 [DEBUG] [org.gradle.internal.remote.internal.inet.InetAddresses] Adding IP addresses for network interface Microsoft Wi-Fi Direct Virtual Adapter #2
2026-04-03T14:32:20.876-0500 [DEBUG] [org.gradle.internal.remote.internal.inet.InetAddresses] Is this a loopback interface? false
2026-04-03T14:32:20.876-0500 [DEBUG] [org.gradle.internal.remote.internal.inet.InetAddresses] Adding remote address /fe80:0:0:0:926:266d:d9b6:9b73%wlan2
2026-04-03T14:32:20.876-0500 [DEBUG] [org.gradle.internal.remote.internal.inet.InetAddresses] Adding IP addresses for network interface WAN Miniport (Network Monitor)
2026-04-03T14:32:20.879-0500 [DEBUG] [org.gradle.internal.remote.internal.inet.InetAddresses] Is this a loopback interface? false
2026-04-03T14:32:20.879-0500 [DEBUG] [org.gradle.internal.remote.internal.inet.InetAddresses] Adding IP addresses for network interface WAN Miniport (SSTP)
2026-04-03T14:32:20.882-0500 [DEBUG] [org.gradle.internal.remote.internal.inet.InetAddresses] Is this a loopback interface? false
2026-04-03T14:32:20.882-0500 [DEBUG] [org.gradle.internal.remote.internal.inet.InetAddresses] Adding IP addresses for network interface Microsoft Wi-Fi Direct Virtual Adapter-WFP Native MAC Layer LightWeight Filter-0000
2026-04-03T14:32:20.884-0500 [DEBUG] [org.gradle.internal.remote.internal.inet.InetAddresses] Is this a loopback interface? false
2026-04-03T14:32:20.884-0500 [DEBUG] [org.gradle.internal.remote.internal.inet.InetAddresses] Adding IP addresses for network interface Famatech Radmin VPN Ethernet Adapter-WFP Native MAC Layer LightWeight Filter-0000
2026-04-03T14:32:20.887-0500 [DEBUG] [org.gradle.internal.remote.internal.inet.InetAddresses] Is this a loopback interface? false
2026-04-03T14:32:20.887-0500 [DEBUG] [org.gradle.internal.remote.internal.inet.InetAddresses] Adding IP addresses for network interface Famatech Radmin VPN Ethernet Adapter-QoS Packet Scheduler-0000
2026-04-03T14:32:20.889-0500 [DEBUG] [org.gradle.internal.remote.internal.inet.InetAddresses] Is this a loopback interface? false
2026-04-03T14:32:20.890-0500 [DEBUG] [org.gradle.internal.remote.internal.inet.InetAddresses] Adding IP addresses for network interface Realtek Gaming 2.5GbE Family Controller-WFP Native MAC Layer LightWeight Filter-0000
2026-04-03T14:32:20.892-0500 [DEBUG] [org.gradle.internal.remote.internal.inet.InetAddresses] Is this a loopback interface? false
2026-04-03T14:32:20.893-0500 [DEBUG] [org.gradle.internal.remote.internal.inet.InetAddresses] Adding IP addresses for network interface Realtek Gaming 2.5GbE Family Controller-QoS Packet Scheduler-0000
2026-04-03T14:32:20.895-0500 [DEBUG] [org.gradle.internal.remote.internal.inet.InetAddresses] Is this a loopback interface? false
2026-04-03T14:32:20.895-0500 [DEBUG] [org.gradle.internal.remote.internal.inet.InetAddresses] Adding IP addresses for network interface Realtek Gaming 2.5GbE Family Controller-WFP 802.3 MAC Layer LightWeight Filter-0000
2026-04-03T14:32:20.898-0500 [DEBUG] [org.gradle.internal.remote.internal.inet.InetAddresses] Is this a loopback interface? false
2026-04-03T14:32:20.898-0500 [DEBUG] [org.gradle.internal.remote.internal.inet.InetAddresses] Adding IP addresses for network interface Killer(R) Wi-Fi 6 AX1650x 160MHz Wireless Network Adapter (200NGW)-WFP Native MAC Layer LightWeight Filter-0000
2026-04-03T14:32:20.901-0500 [DEBUG] [org.gradle.internal.remote.internal.inet.InetAddresses] Is this a loopback interface? false
2026-04-03T14:32:20.901-0500 [DEBUG] [org.gradle.internal.remote.internal.inet.InetAddresses] Adding IP addresses for network interface Killer(R) Wi-Fi 6 AX1650x 160MHz Wireless Network Adapter (200NGW)-Virtual WiFi Filter Driver-0000
2026-04-03T14:32:20.904-0500 [DEBUG] [org.gradle.internal.remote.internal.inet.InetAddresses] Is this a loopback interface? false
2026-04-03T14:32:20.904-0500 [DEBUG] [org.gradle.internal.remote.internal.inet.InetAddresses] Adding IP addresses for network interface Killer(R) Wi-Fi 6 AX1650x 160MHz Wireless Network Adapter (200NGW)-Native WiFi Filter Driver-0000
2026-04-03T14:32:20.907-0500 [DEBUG] [org.gradle.internal.remote.internal.inet.InetAddresses] Is this a loopback interface? false
2026-04-03T14:32:20.907-0500 [DEBUG] [org.gradle.internal.remote.internal.inet.InetAddresses] Adding IP addresses for network interface Killer(R) Wi-Fi 6 AX1650x 160MHz Wireless Network Adapter (200NGW)-QoS Packet Scheduler-0000
2026-04-03T14:32:20.910-0500 [DEBUG] [org.gradle.internal.remote.internal.inet.InetAddresses] Is this a loopback interface? false
2026-04-03T14:32:20.910-0500 [DEBUG] [org.gradle.internal.remote.internal.inet.InetAddresses] Adding IP addresses for network interface Killer(R) Wi-Fi 6 AX1650x 160MHz Wireless Network Adapter (200NGW)-WFP 802.3 MAC Layer LightWeight Filter-0000
2026-04-03T14:32:20.912-0500 [DEBUG] [org.gradle.internal.remote.internal.inet.InetAddresses] Is this a loopback interface? false
2026-04-03T14:32:20.913-0500 [DEBUG] [org.gradle.internal.remote.internal.inet.InetAddresses] Adding IP addresses for network interface Famatech Radmin VPN Ethernet Adapter-WFP 802.3 MAC Layer LightWeight Filter-0000
2026-04-03T14:32:20.915-0500 [DEBUG] [org.gradle.internal.remote.internal.inet.InetAddresses] Is this a loopback interface? false
2026-04-03T14:32:20.915-0500 [DEBUG] [org.gradle.internal.remote.internal.inet.InetAddresses] Adding IP addresses for network interface Microsoft Wi-Fi Direct Virtual Adapter-Native WiFi Filter Driver-0000
2026-04-03T14:32:20.918-0500 [DEBUG] [org.gradle.internal.remote.internal.inet.InetAddresses] Is this a loopback interface? false
2026-04-03T14:32:20.918-0500 [DEBUG] [org.gradle.internal.remote.internal.inet.InetAddresses] Adding IP addresses for network interface Microsoft Wi-Fi Direct Virtual Adapter-QoS Packet Scheduler-0000
2026-04-03T14:32:20.920-0500 [DEBUG] [org.gradle.internal.remote.internal.inet.InetAddresses] Is this a loopback interface? false
2026-04-03T14:32:20.921-0500 [DEBUG] [org.gradle.internal.remote.internal.inet.InetAddresses] Adding IP addresses for network interface Microsoft Wi-Fi Direct Virtual Adapter-WFP 802.3 MAC Layer LightWeight Filter-0000
2026-04-03T14:32:20.923-0500 [DEBUG] [org.gradle.internal.remote.internal.inet.InetAddresses] Is this a loopback interface? false
2026-04-03T14:32:20.923-0500 [DEBUG] [org.gradle.internal.remote.internal.inet.InetAddresses] Adding IP addresses for network interface Microsoft Wi-Fi Direct Virtual Adapter #2-WFP Native MAC Layer LightWeight Filter-0000
2026-04-03T14:32:20.926-0500 [DEBUG] [org.gradle.internal.remote.internal.inet.InetAddresses] Is this a loopback interface? false
2026-04-03T14:32:20.926-0500 [DEBUG] [org.gradle.internal.remote.internal.inet.InetAddresses] Adding IP addresses for network interface Microsoft Wi-Fi Direct Virtual Adapter #2-Native WiFi Filter Driver-0000
2026-04-03T14:32:20.928-0500 [DEBUG] [org.gradle.internal.remote.internal.inet.InetAddresses] Is this a loopback interface? false
2026-04-03T14:32:20.929-0500 [DEBUG] [org.gradle.internal.remote.internal.inet.InetAddresses] Adding IP addresses for network interface Microsoft Wi-Fi Direct Virtual Adapter #2-QoS Packet Scheduler-0000
2026-04-03T14:32:20.931-0500 [DEBUG] [org.gradle.internal.remote.internal.inet.InetAddresses] Is this a loopback interface? false
2026-04-03T14:32:20.932-0500 [DEBUG] [org.gradle.internal.remote.internal.inet.InetAddresses] Adding IP addresses for network interface Microsoft Wi-Fi Direct Virtual Adapter #2-WFP 802.3 MAC Layer LightWeight Filter-0000
2026-04-03T14:32:20.935-0500 [DEBUG] [org.gradle.internal.remote.internal.inet.InetAddresses] Is this a loopback interface? false
2026-04-03T14:32:20.935-0500 [DEBUG] [org.gradle.internal.remote.internal.inet.InetAddresses] Adding IP addresses for network interface WAN Miniport (IP)-WFP Native MAC Layer LightWeight Filter-0000
2026-04-03T14:32:20.938-0500 [DEBUG] [org.gradle.internal.remote.internal.inet.InetAddresses] Is this a loopback interface? false
2026-04-03T14:32:20.938-0500 [DEBUG] [org.gradle.internal.remote.internal.inet.InetAddresses] Adding IP addresses for network interface WAN Miniport (IP)-QoS Packet Scheduler-0000
2026-04-03T14:32:20.941-0500 [DEBUG] [org.gradle.internal.remote.internal.inet.InetAddresses] Is this a loopback interface? false
2026-04-03T14:32:20.941-0500 [DEBUG] [org.gradle.internal.remote.internal.inet.InetAddresses] Adding IP addresses for network interface WAN Miniport (IPv6)-WFP Native MAC Layer LightWeight Filter-0000
2026-04-03T14:32:20.944-0500 [DEBUG] [org.gradle.internal.remote.internal.inet.InetAddresses] Is this a loopback interface? false
2026-04-03T14:32:20.944-0500 [DEBUG] [org.gradle.internal.remote.internal.inet.InetAddresses] Adding IP addresses for network interface WAN Miniport (IPv6)-QoS Packet Scheduler-0000
2026-04-03T14:32:20.947-0500 [DEBUG] [org.gradle.internal.remote.internal.inet.InetAddresses] Is this a loopback interface? false
2026-04-03T14:32:20.947-0500 [DEBUG] [org.gradle.internal.remote.internal.inet.InetAddresses] Adding IP addresses for network interface WAN Miniport (Network Monitor)-WFP Native MAC Layer LightWeight Filter-0000
2026-04-03T14:32:20.949-0500 [DEBUG] [org.gradle.internal.remote.internal.inet.InetAddresses] Is this a loopback interface? false
2026-04-03T14:32:20.949-0500 [DEBUG] [org.gradle.internal.remote.internal.inet.InetAddresses] Adding IP addresses for network interface WAN Miniport (Network Monitor)-QoS Packet Scheduler-0000
2026-04-03T14:32:20.952-0500 [DEBUG] [org.gradle.internal.remote.internal.inet.InetAddresses] Is this a loopback interface? false
2026-04-03T14:32:20.958-0500 [DEBUG] [org.gradle.internal.remote.internal.inet.TcpIncomingConnector] Listening on [ef735888-488a-43b4-a122-5b7406980159 port:57266, addresses:[localhost/127.0.0.1]].
2026-04-03T14:32:20.963-0500 [DEBUG] [org.gradle.launcher.daemon.server.Daemon] Daemon starting at: Fri Apr 03 14:32:20 CDT 2026, with address: [ef735888-488a-43b4-a122-5b7406980159 port:57266, addresses:[localhost/127.0.0.1]]
2026-04-03T14:32:20.963-0500 [INFO] [org.gradle.launcher.daemon.server.DaemonRegistryUpdater] Advertising the daemon address to the clients: [ef735888-488a-43b4-a122-5b7406980159 port:57266, addresses:[localhost/127.0.0.1]]
2026-04-03T14:32:20.963-0500 [DEBUG] [org.gradle.launcher.daemon.server.DaemonRegistryUpdater] Advertised daemon context: DefaultDaemonContext[uid=0c0b3343-b6b8-4456-abef-5d3d3efcef56,javaHome=C:\Program Files\Java\jdk-17,javaVersion=17,daemonRegistryDir=D:\Users\wxinc\OneDrive\Desktop\Minecraft-modding-stuff\Create-Train-Station-Speakers\.gradle-user-home\daemon,pid=30632,idleTimeout=120000,priority=NORMAL,applyInstrumentationAgent=true,nativeServicesMode=ENABLED,daemonOpts=--add-opens=java.base/java.util=ALL-UNNAMED,--add-opens=java.base/java.lang=ALL-UNNAMED,--add-opens=java.base/java.lang.invoke=ALL-UNNAMED,--add-opens=java.prefs/java.util.prefs=ALL-UNNAMED,--add-opens=java.base/java.nio.charset=ALL-UNNAMED,--add-opens=java.base/java.net=ALL-UNNAMED,--add-opens=java.base/java.util.concurrent.atomic=ALL-UNNAMED,-Xmx3G,-Dfile.encoding=windows-1252,-Duser.country=US,-Duser.language=en,-Duser.variant]
2026-04-03T14:32:20.964-0500 [DEBUG] [org.gradle.launcher.daemon.registry.PersistentDaemonRegistry] Storing daemon address: [ef735888-488a-43b4-a122-5b7406980159 port:57266, addresses:[localhost/127.0.0.1]], context: DefaultDaemonContext[uid=0c0b3343-b6b8-4456-abef-5d3d3efcef56,javaHome=C:\Program Files\Java\jdk-17,javaVersion=17,daemonRegistryDir=D:\Users\wxinc\OneDrive\Desktop\Minecraft-modding-stuff\Create-Train-Station-Speakers\.gradle-user-home\daemon,pid=30632,idleTimeout=120000,priority=NORMAL,applyInstrumentationAgent=true,nativeServicesMode=ENABLED,daemonOpts=--add-opens=java.base/java.util=ALL-UNNAMED,--add-opens=java.base/java.lang=ALL-UNNAMED,--add-opens=java.base/java.lang.invoke=ALL-UNNAMED,--add-opens=java.prefs/java.util.prefs=ALL-UNNAMED,--add-opens=java.base/java.nio.charset=ALL-UNNAMED,--add-opens=java.base/java.net=ALL-UNNAMED,--add-opens=java.base/java.util.concurrent.atomic=ALL-UNNAMED,-Xmx3G,-Dfile.encoding=windows-1252,-Duser.country=US,-Duser.language=en,-Duser.variant]
2026-04-03T14:32:20.977-0500 [DEBUG] [org.gradle.cache.internal.DefaultFileLockManager] Waiting to acquire exclusive lock on daemon addresses registry.
2026-04-03T14:32:20.981-0500 [DEBUG] [org.gradle.cache.internal.DefaultFileLockManager] Lock acquired on daemon addresses registry.
2026-04-03T14:32:20.987-0500 [DEBUG] [org.gradle.cache.internal.DefaultFileLockManager] Releasing lock on daemon addresses registry.
2026-04-03T14:32:20.988-0500 [LIFECYCLE] [org.gradle.launcher.daemon.server.Daemon] Daemon server started.
2026-04-03T14:32:20.989-0500 [DEBUG] [org.gradle.launcher.daemon.bootstrap.DaemonStartupCommunication] Completed writing the daemon greeting. Closing streams...
2026-04-03T14:32:20.996-0500 [DEBUG] [org.gradle.launcher.daemon.server.Daemon] stopOnExpiration() called on daemon
2026-04-03T14:32:20.997-0500 [DEBUG] [org.gradle.launcher.daemon.server.Daemon] awaitExpiration() called on daemon
2026-04-03T14:32:20.997-0500 [DEBUG] [org.gradle.launcher.daemon.server.DaemonStateCoordinator] daemon is running. Sleeping until state changes.
2026-04-03T14:32:21.138-0500 [DEBUG] [org.gradle.internal.remote.internal.inet.TcpIncomingConnector] Accepted connection from /127.0.0.1:57267 to /127.0.0.1:57266.
2026-04-03T14:32:21.213-0500 [DEBUG] [org.gradle.launcher.daemon.server.SynchronizedDispatchConnection] thread 30: received class org.gradle.launcher.daemon.protocol.Build
2026-04-03T14:32:21.213-0500 [DEBUG] [org.gradle.launcher.daemon.server.DefaultDaemonConnection] thread 30: Received non-IO message from client: Build{id=060c6111-9960-4457-a8d0-133a9b9f7405, currentDir=D:\Users\wxinc\OneDrive\Desktop\Minecraft-modding-stuff\Create-Train-Station-Speakers}
2026-04-03T14:32:21.213-0500 [INFO] [org.gradle.launcher.daemon.server.DefaultIncomingConnectionHandler] Received command: Build{id=060c6111-9960-4457-a8d0-133a9b9f7405, currentDir=D:\Users\wxinc\OneDrive\Desktop\Minecraft-modding-stuff\Create-Train-Station-Speakers}.
2026-04-03T14:32:21.213-0500 [DEBUG] [org.gradle.launcher.daemon.server.DefaultIncomingConnectionHandler] Starting executing command: Build{id=060c6111-9960-4457-a8d0-133a9b9f7405, currentDir=D:\Users\wxinc\OneDrive\Desktop\Minecraft-modding-stuff\Create-Train-Station-Speakers} with connection: socket connection from /127.0.0.1:57266 to /127.0.0.1:57267.
2026-04-03T14:32:21.215-0500 [DEBUG] [org.gradle.launcher.daemon.server.DaemonStateCoordinator] Command execution: started DaemonCommandExecution[command = Build{id=060c6111-9960-4457-a8d0-133a9b9f7405, currentDir=D:\Users\wxinc\OneDrive\Desktop\Minecraft-modding-stuff\Create-Train-Station-Speakers}, connection = DefaultDaemonConnection: socket connection from /127.0.0.1:57266 to /127.0.0.1:57267] after 0.0 minutes of idle
2026-04-03T14:32:21.215-0500 [INFO] [org.gradle.launcher.daemon.server.DaemonRegistryUpdater] Marking the daemon as busy, address: [ef735888-488a-43b4-a122-5b7406980159 port:57266, addresses:[localhost/127.0.0.1]]
2026-04-03T14:32:21.216-0500 [DEBUG] [org.gradle.launcher.daemon.registry.PersistentDaemonRegistry] Marking busy by address: [ef735888-488a-43b4-a122-5b7406980159 port:57266, addresses:[localhost/127.0.0.1]]
2026-04-03T14:32:21.217-0500 [DEBUG] [org.gradle.cache.internal.DefaultFileLockManager] Waiting to acquire exclusive lock on daemon addresses registry.
2026-04-03T14:32:21.218-0500 [DEBUG] [org.gradle.cache.internal.DefaultFileLockManager] Lock acquired on daemon addresses registry.
2026-04-03T14:32:21.219-0500 [DEBUG] [org.gradle.cache.internal.DefaultFileLockManager] Releasing lock on daemon addresses registry.
2026-04-03T14:32:21.219-0500 [DEBUG] [org.gradle.launcher.daemon.server.DaemonStateCoordinator] resetting idle timer
2026-04-03T14:32:21.219-0500 [DEBUG] [org.gradle.launcher.daemon.server.DaemonStateCoordinator] daemon is running. Sleeping until state changes.
2026-04-03T14:32:21.220-0500 [INFO] [org.gradle.launcher.daemon.server.exec.StartBuildOrRespondWithBusy] Daemon is about to start building Build{id=060c6111-9960-4457-a8d0-133a9b9f7405, currentDir=D:\Users\wxinc\OneDrive\Desktop\Minecraft-modding-stuff\Create-Train-Station-Speakers}. Dispatching build started information...
2026-04-03T14:32:21.220-0500 [DEBUG] [org.gradle.launcher.daemon.server.SynchronizedDispatchConnection] thread 32: dispatching org.gradle.launcher.daemon.protocol.BuildStarted@53020dd1
2026-04-03T14:32:21.222-0500 [DEBUG] [org.gradle.launcher.daemon.server.exec.EstablishBuildEnvironment] Configuring env variables: [USERDOMAIN_ROAMINGPROFILE, PROCESSOR_LEVEL, ALLUSERSPROFILE, CODEX_SHELL, PROCESSOR_ARCHITECTURE, PSModulePath, SystemDrive, DIRNAME, USERNAME, ProgramFiles(x86), CHROME_CRASHPAD_PIPE_NAME, CODEX_INTERNAL_ORIGINATOR_OVERRIDE, APP_HOME, CODEX_SANDBOX_NETWORK_DISABLED, DEFAULT_JVM_OPTS, PATHEXT, SHELL, DriverData, OneDriveConsumer, ProgramData, GIT_LFS_PATH, ProgramW6432, HOMEPATH, PROCESSOR_IDENTIFIER, ProgramFiles, PUBLIC, ZSH_TMUX_AUTOSTARTED, windir, LOCALAPPDATA, USERDOMAIN, LOGONSERVER, JAVA_HOME, PROMPT, RUST_LOG, OneDrive, APPDATA, GRADLE_USER_HOME, VBOX_HWVIRTEX_IGNORE_SVM_IN_USE, JAVA_EXE, CODEX_THREAD_ID, CommonProgramFiles, Path, DISABLE_AUTO_UPDATE, OS, COMPUTERNAME, PROCESSOR_REVISION, CLASSPATH, CommonProgramW6432, ComSpec, APP_BASE_NAME, ZSH_TMUX_AUTOSTART, =D:, SystemRoot, TEMP, HOMEDRIVE, USERPROFILE, TMP, CommonProgramFiles(x86), NUMBER_OF_PROCESSORS]
2026-04-03T14:32:21.223-0500 [DEBUG] [org.gradle.launcher.daemon.server.SynchronizedDispatchConnection] thread 30: received class org.gradle.launcher.daemon.protocol.CloseInput
2026-04-03T14:32:21.223-0500 [DEBUG] [org.gradle.launcher.daemon.server.DefaultDaemonConnection] thread 30: Received IO message from client: org.gradle.launcher.daemon.protocol.CloseInput@4d8ff021
2026-04-03T14:32:21.225-0500 [DEBUG] [org.gradle.launcher.daemon.server.exec.LogToClient] About to start relaying all logs to the client via the connection.
2026-04-03T14:32:21.225-0500 [INFO] [org.gradle.launcher.daemon.server.exec.LogToClient] The client will now receive all logging from the daemon (pid: 30632). The daemon log file: D:\Users\wxinc\OneDrive\Desktop\Minecraft-modding-stuff\Create-Train-Station-Speakers\.gradle-user-home\daemon\8.8\daemon-30632.out.log
2026-04-03T14:32:21.227-0500 [DEBUG] [org.gradle.launcher.daemon.server.exec.RequestStopIfSingleUsedDaemon] Requesting daemon stop after processing Build{id=060c6111-9960-4457-a8d0-133a9b9f7405, currentDir=D:\Users\wxinc\OneDrive\Desktop\Minecraft-modding-stuff\Create-Train-Station-Speakers}
2026-04-03T14:32:21.227-0500 [DEBUG] [org.gradle.launcher.daemon.server.clientinput.ClientInputForwarder] Closing this process' stdin at end of input.
2026-04-03T14:32:21.227-0500 [LIFECYCLE] [org.gradle.launcher.daemon.server.DaemonStateCoordinator] Daemon will be stopped at the end of the build 
2026-04-03T14:32:21.227-0500 [DEBUG] [org.gradle.launcher.daemon.server.clientinput.ClientInputForwarder] This process will no longer process any forwarded input.
2026-04-03T14:32:21.227-0500 [DEBUG] [org.gradle.launcher.daemon.server.DaemonStateCoordinator] Stop as soon as idle requested. The daemon is busy: true
2026-04-03T14:32:21.227-0500 [DEBUG] [org.gradle.launcher.daemon.server.DaemonStateCoordinator] daemon stop has been requested. Sleeping until state changes.
2026-04-03T14:32:21.228-0500 [DEBUG] [org.gradle.launcher.daemon.server.exec.ExecuteBuild] The daemon has started executing the build.
2026-04-03T14:32:21.228-0500 [DEBUG] [org.gradle.launcher.daemon.server.exec.ExecuteBuild] Executing build with daemon context: DefaultDaemonContext[uid=0c0b3343-b6b8-4456-abef-5d3d3efcef56,javaHome=C:\Program Files\Java\jdk-17,javaVersion=17,daemonRegistryDir=D:\Users\wxinc\OneDrive\Desktop\Minecraft-modding-stuff\Create-Train-Station-Speakers\.gradle-user-home\daemon,pid=30632,idleTimeout=120000,priority=NORMAL,applyInstrumentationAgent=true,nativeServicesMode=ENABLED,daemonOpts=--add-opens=java.base/java.util=ALL-UNNAMED,--add-opens=java.base/java.lang=ALL-UNNAMED,--add-opens=java.base/java.lang.invoke=ALL-UNNAMED,--add-opens=java.prefs/java.util.prefs=ALL-UNNAMED,--add-opens=java.base/java.nio.charset=ALL-UNNAMED,--add-opens=java.base/java.net=ALL-UNNAMED,--add-opens=java.base/java.util.concurrent.atomic=ALL-UNNAMED,-Xmx3G,-Dfile.encoding=windows-1252,-Duser.country=US,-Duser.language=en,-Duser.variant]
Java: 17.0.12, JVM: 17.0.12+8-LTS-286 (Oracle Corporation), Arch: amd64
D:\Users\wxinc\OneDrive\Desktop\Minecraft-modding-stuff\Create-Train-Station-Speakers\src\main\java\net\rslover521\createTrainStationSpeakers\Config.java:47: warning: [removal] ResourceLocation(String) in ResourceLocation has been deprecated and marked for removal
        return obj instanceof final String itemName && ForgeRegistries.ITEMS.containsKey(new ResourceLocation(itemName));
                                                                                         ^
D:\Users\wxinc\OneDrive\Desktop\Minecraft-modding-stuff\Create-Train-Station-Speakers\src\main\java\net\rslover521\createTrainStationSpeakers\Config.java:59: warning: [removal] ResourceLocation(String) in ResourceLocation has been deprecated and marked for removal
                .map(itemName -> ForgeRegistries.ITEMS.getValue(new ResourceLocation(itemName)))
                                                                ^
D:\Users\wxinc\OneDrive\Desktop\Minecraft-modding-stuff\Create-Train-Station-Speakers\src\main\java\net\rslover521\createTrainStationSpeakers\content\speaker\SpeakerBlockEntity.java:185: warning: [removal] ResourceLocation(String) in ResourceLocation has been deprecated and marked for removal
                ? ResourceKey.create(Registries.DIMENSION, new ResourceLocation(tag.getString("LinkedStationDimension")))
                                                           ^
Note: D:\Users\wxinc\OneDrive\Desktop\Minecraft-modding-stuff\Create-Train-Station-Speakers\src\main\java\net\rslover521\createTrainStationSpeakers\content\speaker\SpeakerBlock.java uses or overrides a deprecated API.
Note: Recompile with -Xlint:deprecation for details.
3 warnings

Deprecated Gradle features were used in this build, making it incompatible with Gradle 9.0.

You can use '--warning-mode all' to show the individual deprecation warnings and determine if they come from your own scripts or plugins.

For more on this, please refer to https://docs.gradle.org/8.8/userguide/command_line_interface.html#sec:command_line_warnings in the Gradle documentation.

BUILD SUCCESSFUL in 16s
1 actionable task: 1 executed
2026-04-03T14:32:35.724-0500 [DEBUG] [org.gradle.launcher.daemon.server.exec.ExecuteBuild] The daemon has finished executing the build.
2026-04-03T14:32:35.741-0500 [DEBUG] [org.gradle.launcher.daemon.server.DaemonStateCoordinator] daemon stop has been requested. Sleeping until state changes.
2026-04-03T14:32:35.741-0500 [DEBUG] [org.gradle.launcher.daemon.server.DaemonStateCoordinator] Command execution: finished waiting for DaemonCommandExecution[command = Build{id=060c6111-9960-4457-a8d0-133a9b9f7405, currentDir=D:\Users\wxinc\OneDrive\Desktop\Minecraft-modding-stuff\Create-Train-Station-Speakers}, connection = DefaultDaemonConnection: socket connection from /127.0.0.1:57266 to /127.0.0.1:57267]. Result org.gradle.launcher.daemon.server.DaemonStateCoordinator@5b88f53e with state StopRequested
2026-04-03T14:32:35.741-0500 [DEBUG] [org.gradle.launcher.daemon.server.DaemonStateCoordinator] Command execution: completed DaemonCommandExecution[command = Build{id=060c6111-9960-4457-a8d0-133a9b9f7405, currentDir=D:\Users\wxinc\OneDrive\Desktop\Minecraft-modding-stuff\Create-Train-Station-Speakers}, connection = DefaultDaemonConnection: socket connection from /127.0.0.1:57266 to /127.0.0.1:57267]
2026-04-03T14:32:35.741-0500 [DEBUG] [org.gradle.launcher.daemon.server.DaemonStateCoordinator] resetting idle timer
2026-04-03T14:32:35.741-0500 [DEBUG] [org.gradle.launcher.daemon.server.DaemonStateCoordinator] Marking daemon stopped due to command completed and stop requested. The daemon is running a build: false
2026-04-03T14:32:35.742-0500 [DEBUG] [org.gradle.launcher.daemon.server.DaemonStateCoordinator] daemon has stopped.
2026-04-03T14:32:35.742-0500 [DEBUG] [org.gradle.launcher.daemon.server.Daemon] stop() called on daemon
2026-04-03T14:32:35.742-0500 [DEBUG] [org.gradle.launcher.daemon.server.exec.ReturnResult] Daemon is dispatching the build result: Success[value=org.gradle.launcher.exec.BuildActionResult@40ff30b]
2026-04-03T14:32:35.742-0500 [INFO] [org.gradle.launcher.daemon.server.Daemon] Stop requested. Daemon is removing its presence from the registry...
2026-04-03T14:32:35.742-0500 [DEBUG] [org.gradle.launcher.daemon.server.SynchronizedDispatchConnection] thread 29: dispatching Success[value=org.gradle.launcher.exec.BuildActionResult@40ff30b]
2026-04-03T14:32:35.742-0500 [DEBUG] [org.gradle.launcher.daemon.server.DaemonRegistryUpdater] Removing our presence to clients, eg. removing this address from the registry: [ef735888-488a-43b4-a122-5b7406980159 port:57266, addresses:[localhost/127.0.0.1]]
2026-04-03T14:32:35.742-0500 [DEBUG] [org.gradle.launcher.daemon.registry.PersistentDaemonRegistry] Removing daemon address: [ef735888-488a-43b4-a122-5b7406980159 port:57266, addresses:[localhost/127.0.0.1]]
2026-04-03T14:32:35.744-0500 [DEBUG] [org.gradle.launcher.daemon.server.SynchronizedDispatchConnection] thread 30: received class org.gradle.launcher.daemon.protocol.Finished
2026-04-03T14:32:35.744-0500 [DEBUG] [org.gradle.launcher.daemon.server.DefaultDaemonConnection] thread 30: Received non-IO message from client: org.gradle.launcher.daemon.protocol.Finished@40a8345e
2026-04-03T14:32:35.745-0500 [DEBUG] [org.gradle.launcher.daemon.server.exec.CleanUpVirtualFileSystemAfterBuild] Cleaning virtual file system after build finished
2026-04-03T14:32:35.746-0500 [DEBUG] [org.gradle.cache.internal.DefaultFileLockManager] Waiting to acquire exclusive lock on daemon addresses registry.
2026-04-03T14:32:35.746-0500 [DEBUG] [org.gradle.launcher.daemon.server.DefaultIncomingConnectionHandler] Finishing executing command: Build{id=060c6111-9960-4457-a8d0-133a9b9f7405, currentDir=D:\Users\wxinc\OneDrive\Desktop\Minecraft-modding-stuff\Create-Train-Station-Speakers}
2026-04-03T14:32:35.746-0500 [DEBUG] [org.gradle.launcher.daemon.server.DefaultIncomingConnectionHandler] Received finished message: org.gradle.launcher.daemon.protocol.Finished@40a8345e
2026-04-03T14:32:35.747-0500 [DEBUG] [org.gradle.launcher.daemon.server.SynchronizedDispatchConnection] thread 29: stopping connection
2026-04-03T14:32:35.747-0500 [DEBUG] [org.gradle.cache.internal.DefaultFileLockManager] Lock acquired on daemon addresses registry.
2026-04-03T14:32:35.748-0500 [DEBUG] [org.gradle.cache.internal.DefaultFileLockManager] Releasing lock on daemon addresses registry.
2026-04-03T14:32:35.748-0500 [DEBUG] [org.gradle.launcher.daemon.server.DaemonRegistryUpdater] Address removed from registry.
2026-04-03T14:32:35.749-0500 [DEBUG] [org.gradle.internal.remote.internal.inet.SocketConnection] Discarding EOFException: java.io.EOFException
2026-04-03T14:32:35.749-0500 [DEBUG] [org.gradle.launcher.daemon.server.SynchronizedDispatchConnection] thread 30: received null
2026-04-03T14:32:35.749-0500 [DEBUG] [org.gradle.launcher.daemon.server.DefaultDaemonConnection] thread 30: Received end-of-input from client.
2026-04-03T14:32:35.749-0500 [DEBUG] [org.gradle.launcher.daemon.server.SynchronizedDispatchConnection] thread 29: stopping connection
2026-04-03T14:32:35.752-0500 [DEBUG] [org.gradle.cache.internal.LockOnDemandCrossProcessCacheAccess] Releasing file lock for jars (D:\Users\wxinc\OneDrive\Desktop\Minecraft-modding-stuff\Create-Train-Station-Speakers\.gradle-user-home\caches\jars-9)
2026-04-03T14:32:35.752-0500 [DEBUG] [org.gradle.cache.internal.DefaultFileLockManager] Releasing lock on jars (D:\Users\wxinc\OneDrive\Desktop\Minecraft-modding-stuff\Create-Train-Station-Speakers\.gradle-user-home\caches\jars-9).
2026-04-03T14:32:35.753-0500 [DEBUG] [org.gradle.cache.internal.DefaultPersistentDirectoryStore] jars (D:\Users\wxinc\OneDrive\Desktop\Minecraft-modding-stuff\Create-Train-Station-Speakers\.gradle-user-home\caches\jars-9) has last been fully cleaned up 1 hours ago
2026-04-03T14:32:35.753-0500 [DEBUG] [org.gradle.cache.internal.LockOnDemandCrossProcessCacheAccess] Releasing file lock for file content cache (D:\Users\wxinc\OneDrive\Desktop\Minecraft-modding-stuff\Create-Train-Station-Speakers\.gradle-user-home\caches\8.8\fileContent)
2026-04-03T14:32:35.754-0500 [DEBUG] [org.gradle.cache.internal.btree.BTreePersistentIndexedCache] Closing cache annotation-processors.bin (D:\Users\wxinc\OneDrive\Desktop\Minecraft-modding-stuff\Create-Train-Station-Speakers\.gradle-user-home\caches\8.8\fileContent\annotation-processors.bin)
2026-04-03T14:32:35.754-0500 [DEBUG] [org.gradle.cache.internal.DefaultFileLockManager] Releasing lock on file content cache (D:\Users\wxinc\OneDrive\Desktop\Minecraft-modding-stuff\Create-Train-Station-Speakers\.gradle-user-home\caches\8.8\fileContent).
2026-04-03T14:32:35.755-0500 [DEBUG] [org.gradle.internal.watch.vfs.impl.WatchingVirtualFileSystem] Closing VFS, dropping state
2026-04-03T14:32:35.781-0500 [DEBUG] [org.gradle.cache.internal.DefaultCacheCoordinator] Cache Generated Gradle JARs cache (D:\Users\wxinc\OneDrive\Desktop\Minecraft-modding-stuff\Create-Train-Station-Speakers\.gradle-user-home\caches\8.8\generated-gradle-jars) was closed 0 times.
2026-04-03T14:32:35.781-0500 [DEBUG] [org.gradle.cache.internal.LockOnDemandCrossProcessCacheAccess] Releasing file lock for artifact cache (D:\Users\wxinc\OneDrive\Desktop\Minecraft-modding-stuff\Create-Train-Station-Speakers\.gradle-user-home\caches\modules-2)
2026-04-03T14:32:35.781-0500 [DEBUG] [org.gradle.cache.internal.btree.BTreePersistentIndexedCache] Closing cache module-artifact.bin (D:\Users\wxinc\OneDrive\Desktop\Minecraft-modding-stuff\Create-Train-Station-Speakers\.gradle-user-home\caches\modules-2\metadata-2.106\module-artifact.bin)
2026-04-03T14:32:35.781-0500 [DEBUG] [org.gradle.cache.internal.btree.BTreePersistentIndexedCache] Closing cache module-metadata.bin (D:\Users\wxinc\OneDrive\Desktop\Minecraft-modding-stuff\Create-Train-Station-Speakers\.gradle-user-home\caches\modules-2\metadata-2.106\module-metadata.bin)
2026-04-03T14:32:35.781-0500 [DEBUG] [org.gradle.cache.internal.btree.BTreePersistentIndexedCache] Closing cache module-versions.bin (D:\Users\wxinc\OneDrive\Desktop\Minecraft-modding-stuff\Create-Train-Station-Speakers\.gradle-user-home\caches\modules-2\metadata-2.106\module-versions.bin)
2026-04-03T14:32:35.782-0500 [DEBUG] [org.gradle.cache.internal.DefaultFileLockManager] Releasing lock on artifact cache (D:\Users\wxinc\OneDrive\Desktop\Minecraft-modding-stuff\Create-Train-Station-Speakers\.gradle-user-home\caches\modules-2).
2026-04-03T14:32:35.782-0500 [DEBUG] [org.gradle.cache.internal.DefaultPersistentDirectoryStore] artifact cache (D:\Users\wxinc\OneDrive\Desktop\Minecraft-modding-stuff\Create-Train-Station-Speakers\.gradle-user-home\caches\modules-2) has last been fully cleaned up 1 hours ago
2026-04-03T14:32:35.782-0500 [DEBUG] [org.gradle.internal.watch.registry.impl.DefaultFileWatcherRegistry] Finished listening to file system change events
2026-04-03T14:32:35.783-0500 [DEBUG] [org.gradle.cache.internal.DefaultPersistentDirectoryStore] groovy-dsl (D:\Users\wxinc\OneDrive\Desktop\Minecraft-modding-stuff\Create-Train-Station-Speakers\.gradle-user-home\caches\8.8\groovy-dsl) has last been fully cleaned up 1 hours ago
2026-04-03T14:32:35.783-0500 [DEBUG] [org.gradle.cache.internal.DefaultCacheCoordinator] Cache groovy-dsl (D:\Users\wxinc\OneDrive\Desktop\Minecraft-modding-stuff\Create-Train-Station-Speakers\.gradle-user-home\caches\8.8\groovy-dsl) was closed 0 times.
2026-04-03T14:32:35.783-0500 [DEBUG] [org.gradle.cache.internal.DefaultPersistentDirectoryStore] Artifact transforms cache (D:\Users\wxinc\OneDrive\Desktop\Minecraft-modding-stuff\Create-Train-Station-Speakers\.gradle-user-home\caches\8.8\transforms) has last been fully cleaned up 1 hours ago
2026-04-03T14:32:35.784-0500 [DEBUG] [org.gradle.cache.internal.DefaultCacheCoordinator] Cache Artifact transforms cache (D:\Users\wxinc\OneDrive\Desktop\Minecraft-modding-stuff\Create-Train-Station-Speakers\.gradle-user-home\caches\8.8\transforms) was closed 0 times.
2026-04-03T14:32:35.784-0500 [DEBUG] [org.gradle.cache.internal.LockOnDemandCrossProcessCacheAccess] Releasing file lock for journal cache (D:\Users\wxinc\OneDrive\Desktop\Minecraft-modding-stuff\Create-Train-Station-Speakers\.gradle-user-home\caches\journal-1)
2026-04-03T14:32:35.784-0500 [DEBUG] [org.gradle.cache.internal.btree.BTreePersistentIndexedCache] Closing cache file-access.bin (D:\Users\wxinc\OneDrive\Desktop\Minecraft-modding-stuff\Create-Train-Station-Speakers\.gradle-user-home\caches\journal-1\file-access.bin)
2026-04-03T14:32:35.784-0500 [DEBUG] [org.gradle.cache.internal.DefaultFileLockManager] Releasing lock on journal cache (D:\Users\wxinc\OneDrive\Desktop\Minecraft-modding-stuff\Create-Train-Station-Speakers\.gradle-user-home\caches\journal-1).
2026-04-03T14:32:35.785-0500 [DEBUG] [org.gradle.cache.internal.LockOnDemandCrossProcessCacheAccess] Releasing file lock for file hash cache (D:\Users\wxinc\OneDrive\Desktop\Minecraft-modding-stuff\Create-Train-Station-Speakers\.gradle-user-home\caches\8.8\fileHashes)
2026-04-03T14:32:35.785-0500 [DEBUG] [org.gradle.cache.internal.btree.BTreePersistentIndexedCache] Closing cache fileHashes.bin (D:\Users\wxinc\OneDrive\Desktop\Minecraft-modding-stuff\Create-Train-Station-Speakers\.gradle-user-home\caches\8.8\fileHashes\fileHashes.bin)
2026-04-03T14:32:35.786-0500 [DEBUG] [org.gradle.cache.internal.btree.BTreePersistentIndexedCache] Closing cache resourceHashesCache.bin (D:\Users\wxinc\OneDrive\Desktop\Minecraft-modding-stuff\Create-Train-Station-Speakers\.gradle-user-home\caches\8.8\fileHashes\resourceHashesCache.bin)
2026-04-03T14:32:35.786-0500 [DEBUG] [org.gradle.cache.internal.DefaultFileLockManager] Releasing lock on file hash cache (D:\Users\wxinc\OneDrive\Desktop\Minecraft-modding-stuff\Create-Train-Station-Speakers\.gradle-user-home\caches\8.8\fileHashes).
2026-04-03T14:32:35.787-0500 [DEBUG] [org.gradle.cache.internal.LockOnDemandCrossProcessCacheAccess] Releasing file lock for Java compile cache (D:\Users\wxinc\OneDrive\Desktop\Minecraft-modding-stuff\Create-Train-Station-Speakers\.gradle-user-home\caches\8.8\javaCompile)
2026-04-03T14:32:35.787-0500 [DEBUG] [org.gradle.cache.internal.btree.BTreePersistentIndexedCache] Closing cache jarAnalysis.bin (D:\Users\wxinc\OneDrive\Desktop\Minecraft-modding-stuff\Create-Train-Station-Speakers\.gradle-user-home\caches\8.8\javaCompile\jarAnalysis.bin)
2026-04-03T14:32:35.787-0500 [DEBUG] [org.gradle.cache.internal.btree.BTreePersistentIndexedCache] Closing cache classAnalysis.bin (D:\Users\wxinc\OneDrive\Desktop\Minecraft-modding-stuff\Create-Train-Station-Speakers\.gradle-user-home\caches\8.8\javaCompile\classAnalysis.bin)
2026-04-03T14:32:35.788-0500 [DEBUG] [org.gradle.cache.internal.DefaultFileLockManager] Releasing lock on Java compile cache (D:\Users\wxinc\OneDrive\Desktop\Minecraft-modding-stuff\Create-Train-Station-Speakers\.gradle-user-home\caches\8.8\javaCompile).
2026-04-03T14:32:35.790-0500 [DEBUG] [org.gradle.internal.operations.DefaultBuildOperationRunner] Build operation 'Deleting unused version-specific caches in D:\Users\wxinc\OneDrive\Desktop\Minecraft-modding-stuff\Create-Train-Station-Speakers\.gradle-user-home\caches' started
2026-04-03T14:32:35.790-0500 [DEBUG] [org.gradle.internal.operations.DefaultBuildOperationRunner] Completing Build operation 'Deleting unused version-specific caches in D:\Users\wxinc\OneDrive\Desktop\Minecraft-modding-stuff\Create-Train-Station-Speakers\.gradle-user-home\caches'
2026-04-03T14:32:35.791-0500 [DEBUG] [org.gradle.internal.operations.DefaultBuildOperationRunner] Build operation 'Deleting unused version-specific caches in D:\Users\wxinc\OneDrive\Desktop\Minecraft-modding-stuff\Create-Train-Station-Speakers\.gradle-user-home\caches' completed
2026-04-03T14:32:35.793-0500 [DEBUG] [org.gradle.launcher.daemon.registry.PersistentDaemonRegistry] Removing daemon address: [ef735888-488a-43b4-a122-5b7406980159 port:57266, addresses:[localhost/127.0.0.1]]Daemon vm is shutting down... The daemon has exited normally or was terminated in response to a user interrupt.

2026-04-03T14:32:35.794-0500 [DEBUG] [org.gradle.cache.internal.DefaultFileLockManager] Waiting to acquire exclusive lock on daemon addresses registry.
2026-04-03T14:32:35.795-0500 [DEBUG] [org.gradle.cache.internal.DefaultFileLockManager] Lock acquired on daemon addresses registry.
2026-04-03T14:32:35.797-0500 [DEBUG] [org.gradle.cache.internal.DefaultFileLockManager] Releasing lock on daemon addresses registry.
