2026-04-03T13:21:09.473-0500 [DEBUG] [org.gradle.launcher.daemon.bootstrap.DaemonMain] Assuming the daemon was started with following jvm opts: [--add-opens=java.base/java.util=ALL-UNNAMED, --add-opens=java.base/java.lang=ALL-UNNAMED, --add-opens=java.base/java.lang.invoke=ALL-UNNAMED, --add-opens=java.prefs/java.util.prefs=ALL-UNNAMED, --add-opens=java.base/java.nio.charset=ALL-UNNAMED, --add-opens=java.base/java.net=ALL-UNNAMED, --add-opens=java.base/java.util.concurrent.atomic=ALL-UNNAMED, -Xmx3G, -Dfile.encoding=windows-1252, -Duser.country=US, -Duser.language=en, -Duser.variant]
2026-04-03T13:21:09.625-0500 [DEBUG] [org.gradle.internal.nativeintegration.services.NativeServices] Native-platform posix files integration is not available. Continuing with fallback.
2026-04-03T13:21:09.638-0500 [INFO] [org.gradle.launcher.daemon.server.Daemon] start() called on daemon - DefaultDaemonContext[uid=0d38ce03-27ee-430c-8b23-510db7ff8d21,javaHome=C:\Program Files\Java\jdk-17,javaVersion=17,daemonRegistryDir=D:\Users\wxinc\OneDrive\Desktop\Minecraft-modding-stuff\Create-Train-Station-Speakers\.gradle-user-home\daemon,pid=24648,idleTimeout=120000,priority=NORMAL,applyInstrumentationAgent=true,nativeServicesMode=ENABLED,daemonOpts=--add-opens=java.base/java.util=ALL-UNNAMED,--add-opens=java.base/java.lang=ALL-UNNAMED,--add-opens=java.base/java.lang.invoke=ALL-UNNAMED,--add-opens=java.prefs/java.util.prefs=ALL-UNNAMED,--add-opens=java.base/java.nio.charset=ALL-UNNAMED,--add-opens=java.base/java.net=ALL-UNNAMED,--add-opens=java.base/java.util.concurrent.atomic=ALL-UNNAMED,-Xmx3G,-Dfile.encoding=windows-1252,-Duser.country=US,-Duser.language=en,-Duser.variant]
2026-04-03T13:21:09.717-0500 [DEBUG] [org.gradle.internal.remote.internal.inet.InetAddresses] Adding IP addresses for network interface Software Loopback Interface 1
2026-04-03T13:21:09.719-0500 [DEBUG] [org.gradle.internal.remote.internal.inet.InetAddresses] Is this a loopback interface? true
2026-04-03T13:21:09.720-0500 [DEBUG] [org.gradle.internal.remote.internal.inet.InetAddresses] Adding loopback address /127.0.0.1
2026-04-03T13:21:09.720-0500 [DEBUG] [org.gradle.internal.remote.internal.inet.InetAddresses] Adding loopback address /0:0:0:0:0:0:0:1
2026-04-03T13:21:09.721-0500 [DEBUG] [org.gradle.internal.remote.internal.inet.InetAddresses] Adding IP addresses for network interface Microsoft 6to4 Adapter
2026-04-03T13:21:09.724-0500 [DEBUG] [org.gradle.internal.remote.internal.inet.InetAddresses] Is this a loopback interface? false
2026-04-03T13:21:09.724-0500 [DEBUG] [org.gradle.internal.remote.internal.inet.InetAddresses] Adding IP addresses for network interface Killer(R) Wi-Fi 6 AX1650x 160MHz Wireless Network Adapter (200NGW)
2026-04-03T13:21:09.727-0500 [DEBUG] [org.gradle.internal.remote.internal.inet.InetAddresses] Is this a loopback interface? false
2026-04-03T13:21:09.727-0500 [DEBUG] [org.gradle.internal.remote.internal.inet.InetAddresses] Adding remote address /192.168.1.131
2026-04-03T13:21:09.727-0500 [DEBUG] [org.gradle.internal.remote.internal.inet.InetAddresses] Adding remote address /2600:1700:c00:3120:0:0:0:41
2026-04-03T13:21:09.728-0500 [DEBUG] [org.gradle.internal.remote.internal.inet.InetAddresses] Adding remote address /2600:1700:c00:3120:3474:9a8:1dc9:528c
2026-04-03T13:21:09.728-0500 [DEBUG] [org.gradle.internal.remote.internal.inet.InetAddresses] Adding remote address /2600:1700:c00:3120:68a3:eab7:8510:f4c7
2026-04-03T13:21:09.728-0500 [DEBUG] [org.gradle.internal.remote.internal.inet.InetAddresses] Adding remote address /fe80:0:0:0:6f01:82b2:3a70:3a17%wlan0
2026-04-03T13:21:09.728-0500 [DEBUG] [org.gradle.internal.remote.internal.inet.InetAddresses] Adding IP addresses for network interface WAN Miniport (IKEv2)
2026-04-03T13:21:09.731-0500 [DEBUG] [org.gradle.internal.remote.internal.inet.InetAddresses] Is this a loopback interface? false
2026-04-03T13:21:09.731-0500 [DEBUG] [org.gradle.internal.remote.internal.inet.InetAddresses] Adding IP addresses for network interface WAN Miniport (PPTP)
2026-04-03T13:21:09.734-0500 [DEBUG] [org.gradle.internal.remote.internal.inet.InetAddresses] Is this a loopback interface? false
2026-04-03T13:21:09.734-0500 [DEBUG] [org.gradle.internal.remote.internal.inet.InetAddresses] Adding IP addresses for network interface Microsoft IP-HTTPS Platform Adapter
2026-04-03T13:21:09.737-0500 [DEBUG] [org.gradle.internal.remote.internal.inet.InetAddresses] Is this a loopback interface? false
2026-04-03T13:21:09.737-0500 [DEBUG] [org.gradle.internal.remote.internal.inet.InetAddresses] Adding IP addresses for network interface Microsoft Kernel Debug Network Adapter
2026-04-03T13:21:09.740-0500 [DEBUG] [org.gradle.internal.remote.internal.inet.InetAddresses] Is this a loopback interface? false
2026-04-03T13:21:09.740-0500 [DEBUG] [org.gradle.internal.remote.internal.inet.InetAddresses] Adding IP addresses for network interface Famatech Radmin VPN Ethernet Adapter
2026-04-03T13:21:09.743-0500 [DEBUG] [org.gradle.internal.remote.internal.inet.InetAddresses] Is this a loopback interface? false
2026-04-03T13:21:09.743-0500 [DEBUG] [org.gradle.internal.remote.internal.inet.InetAddresses] Adding remote address /26.227.120.94
2026-04-03T13:21:09.744-0500 [DEBUG] [org.gradle.internal.remote.internal.inet.InetAddresses] Adding remote address /fdfd:0:0:0:0:0:1ae3:785e
2026-04-03T13:21:09.744-0500 [DEBUG] [org.gradle.internal.remote.internal.inet.InetAddresses] Adding remote address /fe80:0:0:0:f421:f5c4:ecf6:378%eth1
2026-04-03T13:21:09.744-0500 [DEBUG] [org.gradle.internal.remote.internal.inet.InetAddresses] Adding IP addresses for network interface Microsoft Wi-Fi Direct Virtual Adapter
2026-04-03T13:21:09.748-0500 [DEBUG] [org.gradle.internal.remote.internal.inet.InetAddresses] Is this a loopback interface? false
2026-04-03T13:21:09.749-0500 [DEBUG] [org.gradle.internal.remote.internal.inet.InetAddresses] Adding remote address /fe80:0:0:0:235f:620d:6c2b:f05d%wlan1
2026-04-03T13:21:09.749-0500 [DEBUG] [org.gradle.internal.remote.internal.inet.InetAddresses] Adding IP addresses for network interface WAN Miniport (IP)
2026-04-03T13:21:09.752-0500 [DEBUG] [org.gradle.internal.remote.internal.inet.InetAddresses] Is this a loopback interface? false
2026-04-03T13:21:09.752-0500 [DEBUG] [org.gradle.internal.remote.internal.inet.InetAddresses] Adding IP addresses for network interface Bluetooth Device (Personal Area Network)
2026-04-03T13:21:09.755-0500 [DEBUG] [org.gradle.internal.remote.internal.inet.InetAddresses] Is this a loopback interface? false
2026-04-03T13:21:09.755-0500 [DEBUG] [org.gradle.internal.remote.internal.inet.InetAddresses] Adding remote address /fe80:0:0:0:7498:bde4:a6d6:b801%eth3
2026-04-03T13:21:09.755-0500 [DEBUG] [org.gradle.internal.remote.internal.inet.InetAddresses] Adding IP addresses for network interface Microsoft Teredo Tunneling Adapter
2026-04-03T13:21:09.758-0500 [DEBUG] [org.gradle.internal.remote.internal.inet.InetAddresses] Is this a loopback interface? false
2026-04-03T13:21:09.758-0500 [DEBUG] [org.gradle.internal.remote.internal.inet.InetAddresses] Adding remote address /2001:0:14c9:cc02:300c:988:2eb3:49c0
2026-04-03T13:21:09.758-0500 [DEBUG] [org.gradle.internal.remote.internal.inet.InetAddresses] Adding remote address /fe80:0:0:0:300c:988:2eb3:49c0%net4
2026-04-03T13:21:09.759-0500 [DEBUG] [org.gradle.internal.remote.internal.inet.InetAddresses] Adding IP addresses for network interface WAN Miniport (IPv6)
2026-04-03T13:21:09.761-0500 [DEBUG] [org.gradle.internal.remote.internal.inet.InetAddresses] Is this a loopback interface? false
2026-04-03T13:21:09.761-0500 [DEBUG] [org.gradle.internal.remote.internal.inet.InetAddresses] Adding IP addresses for network interface WAN Miniport (PPPOE)
2026-04-03T13:21:09.764-0500 [DEBUG] [org.gradle.internal.remote.internal.inet.InetAddresses] Is this a loopback interface? false
2026-04-03T13:21:09.764-0500 [DEBUG] [org.gradle.internal.remote.internal.inet.InetAddresses] Adding IP addresses for network interface WAN Miniport (L2TP)
2026-04-03T13:21:09.767-0500 [DEBUG] [org.gradle.internal.remote.internal.inet.InetAddresses] Is this a loopback interface? false
2026-04-03T13:21:09.767-0500 [DEBUG] [org.gradle.internal.remote.internal.inet.InetAddresses] Adding IP addresses for network interface Realtek Gaming 2.5GbE Family Controller
2026-04-03T13:21:09.770-0500 [DEBUG] [org.gradle.internal.remote.internal.inet.InetAddresses] Is this a loopback interface? false
2026-04-03T13:21:09.770-0500 [DEBUG] [org.gradle.internal.remote.internal.inet.InetAddresses] Adding remote address /fe80:0:0:0:eb7a:3e4c:5bd3:c948%eth5
2026-04-03T13:21:09.770-0500 [DEBUG] [org.gradle.internal.remote.internal.inet.InetAddresses] Adding IP addresses for network interface Microsoft Wi-Fi Direct Virtual Adapter #2
2026-04-03T13:21:09.773-0500 [DEBUG] [org.gradle.internal.remote.internal.inet.InetAddresses] Is this a loopback interface? false
2026-04-03T13:21:09.773-0500 [DEBUG] [org.gradle.internal.remote.internal.inet.InetAddresses] Adding remote address /fe80:0:0:0:926:266d:d9b6:9b73%wlan2
2026-04-03T13:21:09.773-0500 [DEBUG] [org.gradle.internal.remote.internal.inet.InetAddresses] Adding IP addresses for network interface WAN Miniport (Network Monitor)
2026-04-03T13:21:09.775-0500 [DEBUG] [org.gradle.internal.remote.internal.inet.InetAddresses] Is this a loopback interface? false
2026-04-03T13:21:09.776-0500 [DEBUG] [org.gradle.internal.remote.internal.inet.InetAddresses] Adding IP addresses for network interface WAN Miniport (SSTP)
2026-04-03T13:21:09.779-0500 [DEBUG] [org.gradle.internal.remote.internal.inet.InetAddresses] Is this a loopback interface? false
2026-04-03T13:21:09.779-0500 [DEBUG] [org.gradle.internal.remote.internal.inet.InetAddresses] Adding IP addresses for network interface Microsoft Wi-Fi Direct Virtual Adapter-WFP Native MAC Layer LightWeight Filter-0000
2026-04-03T13:21:09.781-0500 [DEBUG] [org.gradle.internal.remote.internal.inet.InetAddresses] Is this a loopback interface? false
2026-04-03T13:21:09.781-0500 [DEBUG] [org.gradle.internal.remote.internal.inet.InetAddresses] Adding IP addresses for network interface Famatech Radmin VPN Ethernet Adapter-WFP Native MAC Layer LightWeight Filter-0000
2026-04-03T13:21:09.784-0500 [DEBUG] [org.gradle.internal.remote.internal.inet.InetAddresses] Is this a loopback interface? false
2026-04-03T13:21:09.784-0500 [DEBUG] [org.gradle.internal.remote.internal.inet.InetAddresses] Adding IP addresses for network interface Famatech Radmin VPN Ethernet Adapter-QoS Packet Scheduler-0000
2026-04-03T13:21:09.786-0500 [DEBUG] [org.gradle.internal.remote.internal.inet.InetAddresses] Is this a loopback interface? false
2026-04-03T13:21:09.787-0500 [DEBUG] [org.gradle.internal.remote.internal.inet.InetAddresses] Adding IP addresses for network interface Realtek Gaming 2.5GbE Family Controller-WFP Native MAC Layer LightWeight Filter-0000
2026-04-03T13:21:09.789-0500 [DEBUG] [org.gradle.internal.remote.internal.inet.InetAddresses] Is this a loopback interface? false
2026-04-03T13:21:09.789-0500 [DEBUG] [org.gradle.internal.remote.internal.inet.InetAddresses] Adding IP addresses for network interface Realtek Gaming 2.5GbE Family Controller-QoS Packet Scheduler-0000
2026-04-03T13:21:09.792-0500 [DEBUG] [org.gradle.internal.remote.internal.inet.InetAddresses] Is this a loopback interface? false
2026-04-03T13:21:09.792-0500 [DEBUG] [org.gradle.internal.remote.internal.inet.InetAddresses] Adding IP addresses for network interface Realtek Gaming 2.5GbE Family Controller-WFP 802.3 MAC Layer LightWeight Filter-0000
2026-04-03T13:21:09.794-0500 [DEBUG] [org.gradle.internal.remote.internal.inet.InetAddresses] Is this a loopback interface? false
2026-04-03T13:21:09.795-0500 [DEBUG] [org.gradle.internal.remote.internal.inet.InetAddresses] Adding IP addresses for network interface Killer(R) Wi-Fi 6 AX1650x 160MHz Wireless Network Adapter (200NGW)-WFP Native MAC Layer LightWeight Filter-0000
2026-04-03T13:21:09.797-0500 [DEBUG] [org.gradle.internal.remote.internal.inet.InetAddresses] Is this a loopback interface? false
2026-04-03T13:21:09.797-0500 [DEBUG] [org.gradle.internal.remote.internal.inet.InetAddresses] Adding IP addresses for network interface Killer(R) Wi-Fi 6 AX1650x 160MHz Wireless Network Adapter (200NGW)-Virtual WiFi Filter Driver-0000
2026-04-03T13:21:09.799-0500 [DEBUG] [org.gradle.internal.remote.internal.inet.InetAddresses] Is this a loopback interface? false
2026-04-03T13:21:09.800-0500 [DEBUG] [org.gradle.internal.remote.internal.inet.InetAddresses] Adding IP addresses for network interface Killer(R) Wi-Fi 6 AX1650x 160MHz Wireless Network Adapter (200NGW)-Native WiFi Filter Driver-0000
2026-04-03T13:21:09.802-0500 [DEBUG] [org.gradle.internal.remote.internal.inet.InetAddresses] Is this a loopback interface? false
2026-04-03T13:21:09.802-0500 [DEBUG] [org.gradle.internal.remote.internal.inet.InetAddresses] Adding IP addresses for network interface Killer(R) Wi-Fi 6 AX1650x 160MHz Wireless Network Adapter (200NGW)-QoS Packet Scheduler-0000
2026-04-03T13:21:09.805-0500 [DEBUG] [org.gradle.internal.remote.internal.inet.InetAddresses] Is this a loopback interface? false
2026-04-03T13:21:09.805-0500 [DEBUG] [org.gradle.internal.remote.internal.inet.InetAddresses] Adding IP addresses for network interface Killer(R) Wi-Fi 6 AX1650x 160MHz Wireless Network Adapter (200NGW)-WFP 802.3 MAC Layer LightWeight Filter-0000
2026-04-03T13:21:09.807-0500 [DEBUG] [org.gradle.internal.remote.internal.inet.InetAddresses] Is this a loopback interface? false
2026-04-03T13:21:09.808-0500 [DEBUG] [org.gradle.internal.remote.internal.inet.InetAddresses] Adding IP addresses for network interface Famatech Radmin VPN Ethernet Adapter-WFP 802.3 MAC Layer LightWeight Filter-0000
2026-04-03T13:21:09.810-0500 [DEBUG] [org.gradle.internal.remote.internal.inet.InetAddresses] Is this a loopback interface? false
2026-04-03T13:21:09.810-0500 [DEBUG] [org.gradle.internal.remote.internal.inet.InetAddresses] Adding IP addresses for network interface Microsoft Wi-Fi Direct Virtual Adapter-Native WiFi Filter Driver-0000
2026-04-03T13:21:09.813-0500 [DEBUG] [org.gradle.internal.remote.internal.inet.InetAddresses] Is this a loopback interface? false
2026-04-03T13:21:09.813-0500 [DEBUG] [org.gradle.internal.remote.internal.inet.InetAddresses] Adding IP addresses for network interface Microsoft Wi-Fi Direct Virtual Adapter-QoS Packet Scheduler-0000
2026-04-03T13:21:09.816-0500 [DEBUG] [org.gradle.internal.remote.internal.inet.InetAddresses] Is this a loopback interface? false
2026-04-03T13:21:09.816-0500 [DEBUG] [org.gradle.internal.remote.internal.inet.InetAddresses] Adding IP addresses for network interface Microsoft Wi-Fi Direct Virtual Adapter-WFP 802.3 MAC Layer LightWeight Filter-0000
2026-04-03T13:21:09.818-0500 [DEBUG] [org.gradle.internal.remote.internal.inet.InetAddresses] Is this a loopback interface? false
2026-04-03T13:21:09.819-0500 [DEBUG] [org.gradle.internal.remote.internal.inet.InetAddresses] Adding IP addresses for network interface Microsoft Wi-Fi Direct Virtual Adapter #2-WFP Native MAC Layer LightWeight Filter-0000
2026-04-03T13:21:09.821-0500 [DEBUG] [org.gradle.internal.remote.internal.inet.InetAddresses] Is this a loopback interface? false
2026-04-03T13:21:09.821-0500 [DEBUG] [org.gradle.internal.remote.internal.inet.InetAddresses] Adding IP addresses for network interface Microsoft Wi-Fi Direct Virtual Adapter #2-Native WiFi Filter Driver-0000
2026-04-03T13:21:09.824-0500 [DEBUG] [org.gradle.internal.remote.internal.inet.InetAddresses] Is this a loopback interface? false
2026-04-03T13:21:09.824-0500 [DEBUG] [org.gradle.internal.remote.internal.inet.InetAddresses] Adding IP addresses for network interface Microsoft Wi-Fi Direct Virtual Adapter #2-QoS Packet Scheduler-0000
2026-04-03T13:21:09.826-0500 [DEBUG] [org.gradle.internal.remote.internal.inet.InetAddresses] Is this a loopback interface? false
2026-04-03T13:21:09.827-0500 [DEBUG] [org.gradle.internal.remote.internal.inet.InetAddresses] Adding IP addresses for network interface Microsoft Wi-Fi Direct Virtual Adapter #2-WFP 802.3 MAC Layer LightWeight Filter-0000
2026-04-03T13:21:09.829-0500 [DEBUG] [org.gradle.internal.remote.internal.inet.InetAddresses] Is this a loopback interface? false
2026-04-03T13:21:09.829-0500 [DEBUG] [org.gradle.internal.remote.internal.inet.InetAddresses] Adding IP addresses for network interface WAN Miniport (IP)-WFP Native MAC Layer LightWeight Filter-0000
2026-04-03T13:21:09.832-0500 [DEBUG] [org.gradle.internal.remote.internal.inet.InetAddresses] Is this a loopback interface? false
2026-04-03T13:21:09.832-0500 [DEBUG] [org.gradle.internal.remote.internal.inet.InetAddresses] Adding IP addresses for network interface WAN Miniport (IP)-QoS Packet Scheduler-0000
2026-04-03T13:21:09.834-0500 [DEBUG] [org.gradle.internal.remote.internal.inet.InetAddresses] Is this a loopback interface? false
2026-04-03T13:21:09.834-0500 [DEBUG] [org.gradle.internal.remote.internal.inet.InetAddresses] Adding IP addresses for network interface WAN Miniport (IPv6)-WFP Native MAC Layer LightWeight Filter-0000
2026-04-03T13:21:09.837-0500 [DEBUG] [org.gradle.internal.remote.internal.inet.InetAddresses] Is this a loopback interface? false
2026-04-03T13:21:09.838-0500 [DEBUG] [org.gradle.internal.remote.internal.inet.InetAddresses] Adding IP addresses for network interface WAN Miniport (IPv6)-QoS Packet Scheduler-0000
2026-04-03T13:21:09.840-0500 [DEBUG] [org.gradle.internal.remote.internal.inet.InetAddresses] Is this a loopback interface? false
2026-04-03T13:21:09.840-0500 [DEBUG] [org.gradle.internal.remote.internal.inet.InetAddresses] Adding IP addresses for network interface WAN Miniport (Network Monitor)-WFP Native MAC Layer LightWeight Filter-0000
2026-04-03T13:21:09.844-0500 [DEBUG] [org.gradle.internal.remote.internal.inet.InetAddresses] Is this a loopback interface? false
2026-04-03T13:21:09.844-0500 [DEBUG] [org.gradle.internal.remote.internal.inet.InetAddresses] Adding IP addresses for network interface WAN Miniport (Network Monitor)-QoS Packet Scheduler-0000
2026-04-03T13:21:09.848-0500 [DEBUG] [org.gradle.internal.remote.internal.inet.InetAddresses] Is this a loopback interface? false
2026-04-03T13:21:09.855-0500 [DEBUG] [org.gradle.internal.remote.internal.inet.TcpIncomingConnector] Listening on [195787f0-9f32-4c49-89a9-cae64f0eebe7 port:51323, addresses:[localhost/127.0.0.1]].
2026-04-03T13:21:09.860-0500 [DEBUG] [org.gradle.launcher.daemon.server.Daemon] Daemon starting at: Fri Apr 03 13:21:09 CDT 2026, with address: [195787f0-9f32-4c49-89a9-cae64f0eebe7 port:51323, addresses:[localhost/127.0.0.1]]
2026-04-03T13:21:09.860-0500 [INFO] [org.gradle.launcher.daemon.server.DaemonRegistryUpdater] Advertising the daemon address to the clients: [195787f0-9f32-4c49-89a9-cae64f0eebe7 port:51323, addresses:[localhost/127.0.0.1]]
2026-04-03T13:21:09.860-0500 [DEBUG] [org.gradle.launcher.daemon.server.DaemonRegistryUpdater] Advertised daemon context: DefaultDaemonContext[uid=0d38ce03-27ee-430c-8b23-510db7ff8d21,javaHome=C:\Program Files\Java\jdk-17,javaVersion=17,daemonRegistryDir=D:\Users\wxinc\OneDrive\Desktop\Minecraft-modding-stuff\Create-Train-Station-Speakers\.gradle-user-home\daemon,pid=24648,idleTimeout=120000,priority=NORMAL,applyInstrumentationAgent=true,nativeServicesMode=ENABLED,daemonOpts=--add-opens=java.base/java.util=ALL-UNNAMED,--add-opens=java.base/java.lang=ALL-UNNAMED,--add-opens=java.base/java.lang.invoke=ALL-UNNAMED,--add-opens=java.prefs/java.util.prefs=ALL-UNNAMED,--add-opens=java.base/java.nio.charset=ALL-UNNAMED,--add-opens=java.base/java.net=ALL-UNNAMED,--add-opens=java.base/java.util.concurrent.atomic=ALL-UNNAMED,-Xmx3G,-Dfile.encoding=windows-1252,-Duser.country=US,-Duser.language=en,-Duser.variant]
2026-04-03T13:21:09.861-0500 [DEBUG] [org.gradle.launcher.daemon.registry.PersistentDaemonRegistry] Storing daemon address: [195787f0-9f32-4c49-89a9-cae64f0eebe7 port:51323, addresses:[localhost/127.0.0.1]], context: DefaultDaemonContext[uid=0d38ce03-27ee-430c-8b23-510db7ff8d21,javaHome=C:\Program Files\Java\jdk-17,javaVersion=17,daemonRegistryDir=D:\Users\wxinc\OneDrive\Desktop\Minecraft-modding-stuff\Create-Train-Station-Speakers\.gradle-user-home\daemon,pid=24648,idleTimeout=120000,priority=NORMAL,applyInstrumentationAgent=true,nativeServicesMode=ENABLED,daemonOpts=--add-opens=java.base/java.util=ALL-UNNAMED,--add-opens=java.base/java.lang=ALL-UNNAMED,--add-opens=java.base/java.lang.invoke=ALL-UNNAMED,--add-opens=java.prefs/java.util.prefs=ALL-UNNAMED,--add-opens=java.base/java.nio.charset=ALL-UNNAMED,--add-opens=java.base/java.net=ALL-UNNAMED,--add-opens=java.base/java.util.concurrent.atomic=ALL-UNNAMED,-Xmx3G,-Dfile.encoding=windows-1252,-Duser.country=US,-Duser.language=en,-Duser.variant]
2026-04-03T13:21:09.872-0500 [DEBUG] [org.gradle.cache.internal.DefaultFileLockManager] Waiting to acquire exclusive lock on daemon addresses registry.
2026-04-03T13:21:09.875-0500 [DEBUG] [org.gradle.cache.internal.DefaultFileLockManager] Lock acquired on daemon addresses registry.
2026-04-03T13:21:09.882-0500 [DEBUG] [org.gradle.cache.internal.DefaultFileLockManager] Releasing lock on daemon addresses registry.
2026-04-03T13:21:09.883-0500 [LIFECYCLE] [org.gradle.launcher.daemon.server.Daemon] Daemon server started.
2026-04-03T13:21:09.885-0500 [DEBUG] [org.gradle.launcher.daemon.bootstrap.DaemonStartupCommunication] Completed writing the daemon greeting. Closing streams...
2026-04-03T13:21:09.891-0500 [DEBUG] [org.gradle.launcher.daemon.server.Daemon] stopOnExpiration() called on daemon
2026-04-03T13:21:09.892-0500 [DEBUG] [org.gradle.launcher.daemon.server.Daemon] awaitExpiration() called on daemon
2026-04-03T13:21:09.892-0500 [DEBUG] [org.gradle.launcher.daemon.server.DaemonStateCoordinator] daemon is running. Sleeping until state changes.
2026-04-03T13:21:10.038-0500 [DEBUG] [org.gradle.internal.remote.internal.inet.TcpIncomingConnector] Accepted connection from /127.0.0.1:51324 to /127.0.0.1:51323.
2026-04-03T13:21:10.113-0500 [DEBUG] [org.gradle.launcher.daemon.server.SynchronizedDispatchConnection] thread 30: received class org.gradle.launcher.daemon.protocol.Build
2026-04-03T13:21:10.113-0500 [DEBUG] [org.gradle.launcher.daemon.server.DefaultDaemonConnection] thread 30: Received non-IO message from client: Build{id=59d47f38-da5a-42c8-96ac-1f4cf86a6426, currentDir=D:\Users\wxinc\OneDrive\Desktop\Minecraft-modding-stuff\Create-Train-Station-Speakers}
2026-04-03T13:21:10.113-0500 [INFO] [org.gradle.launcher.daemon.server.DefaultIncomingConnectionHandler] Received command: Build{id=59d47f38-da5a-42c8-96ac-1f4cf86a6426, currentDir=D:\Users\wxinc\OneDrive\Desktop\Minecraft-modding-stuff\Create-Train-Station-Speakers}.
2026-04-03T13:21:10.114-0500 [DEBUG] [org.gradle.launcher.daemon.server.DefaultIncomingConnectionHandler] Starting executing command: Build{id=59d47f38-da5a-42c8-96ac-1f4cf86a6426, currentDir=D:\Users\wxinc\OneDrive\Desktop\Minecraft-modding-stuff\Create-Train-Station-Speakers} with connection: socket connection from /127.0.0.1:51323 to /127.0.0.1:51324.
2026-04-03T13:21:10.115-0500 [DEBUG] [org.gradle.launcher.daemon.server.DaemonStateCoordinator] Command execution: started DaemonCommandExecution[command = Build{id=59d47f38-da5a-42c8-96ac-1f4cf86a6426, currentDir=D:\Users\wxinc\OneDrive\Desktop\Minecraft-modding-stuff\Create-Train-Station-Speakers}, connection = DefaultDaemonConnection: socket connection from /127.0.0.1:51323 to /127.0.0.1:51324] after 0.0 minutes of idle
2026-04-03T13:21:10.116-0500 [INFO] [org.gradle.launcher.daemon.server.DaemonRegistryUpdater] Marking the daemon as busy, address: [195787f0-9f32-4c49-89a9-cae64f0eebe7 port:51323, addresses:[localhost/127.0.0.1]]
2026-04-03T13:21:10.116-0500 [DEBUG] [org.gradle.launcher.daemon.registry.PersistentDaemonRegistry] Marking busy by address: [195787f0-9f32-4c49-89a9-cae64f0eebe7 port:51323, addresses:[localhost/127.0.0.1]]
2026-04-03T13:21:10.118-0500 [DEBUG] [org.gradle.cache.internal.DefaultFileLockManager] Waiting to acquire exclusive lock on daemon addresses registry.
2026-04-03T13:21:10.118-0500 [DEBUG] [org.gradle.cache.internal.DefaultFileLockManager] Lock acquired on daemon addresses registry.
2026-04-03T13:21:10.119-0500 [DEBUG] [org.gradle.cache.internal.DefaultFileLockManager] Releasing lock on daemon addresses registry.
2026-04-03T13:21:10.119-0500 [DEBUG] [org.gradle.launcher.daemon.server.DaemonStateCoordinator] resetting idle timer
2026-04-03T13:21:10.119-0500 [DEBUG] [org.gradle.launcher.daemon.server.DaemonStateCoordinator] daemon is running. Sleeping until state changes.
2026-04-03T13:21:10.120-0500 [INFO] [org.gradle.launcher.daemon.server.exec.StartBuildOrRespondWithBusy] Daemon is about to start building Build{id=59d47f38-da5a-42c8-96ac-1f4cf86a6426, currentDir=D:\Users\wxinc\OneDrive\Desktop\Minecraft-modding-stuff\Create-Train-Station-Speakers}. Dispatching build started information...
2026-04-03T13:21:10.121-0500 [DEBUG] [org.gradle.launcher.daemon.server.SynchronizedDispatchConnection] thread 32: dispatching org.gradle.launcher.daemon.protocol.BuildStarted@1197463c
2026-04-03T13:21:10.122-0500 [DEBUG] [org.gradle.launcher.daemon.server.exec.EstablishBuildEnvironment] Configuring env variables: [USERDOMAIN_ROAMINGPROFILE, PROCESSOR_LEVEL, ALLUSERSPROFILE, CODEX_SHELL, PROCESSOR_ARCHITECTURE, PSModulePath, SystemDrive, DIRNAME, USERNAME, ProgramFiles(x86), CHROME_CRASHPAD_PIPE_NAME, CODEX_INTERNAL_ORIGINATOR_OVERRIDE, APP_HOME, CODEX_SANDBOX_NETWORK_DISABLED, DEFAULT_JVM_OPTS, PATHEXT, SHELL, DriverData, OneDriveConsumer, ProgramData, GIT_LFS_PATH, ProgramW6432, HOMEPATH, PROCESSOR_IDENTIFIER, ProgramFiles, PUBLIC, ZSH_TMUX_AUTOSTARTED, windir, LOCALAPPDATA, USERDOMAIN, LOGONSERVER, JAVA_HOME, PROMPT, RUST_LOG, OneDrive, APPDATA, GRADLE_USER_HOME, VBOX_HWVIRTEX_IGNORE_SVM_IN_USE, JAVA_EXE, CODEX_THREAD_ID, CommonProgramFiles, Path, DISABLE_AUTO_UPDATE, OS, COMPUTERNAME, PROCESSOR_REVISION, CLASSPATH, CommonProgramW6432, ComSpec, APP_BASE_NAME, ZSH_TMUX_AUTOSTART, =D:, SystemRoot, TEMP, HOMEDRIVE, USERPROFILE, TMP, CommonProgramFiles(x86), NUMBER_OF_PROCESSORS]
2026-04-03T13:21:10.124-0500 [DEBUG] [org.gradle.launcher.daemon.server.SynchronizedDispatchConnection] thread 30: received class org.gradle.launcher.daemon.protocol.CloseInput
2026-04-03T13:21:10.124-0500 [DEBUG] [org.gradle.launcher.daemon.server.DefaultDaemonConnection] thread 30: Received IO message from client: org.gradle.launcher.daemon.protocol.CloseInput@402f8bd7
2026-04-03T13:21:10.127-0500 [DEBUG] [org.gradle.launcher.daemon.server.exec.LogToClient] About to start relaying all logs to the client via the connection.
2026-04-03T13:21:10.127-0500 [INFO] [org.gradle.launcher.daemon.server.exec.LogToClient] The client will now receive all logging from the daemon (pid: 24648). The daemon log file: D:\Users\wxinc\OneDrive\Desktop\Minecraft-modding-stuff\Create-Train-Station-Speakers\.gradle-user-home\daemon\8.8\daemon-24648.out.log
2026-04-03T13:21:10.129-0500 [DEBUG] [org.gradle.launcher.daemon.server.exec.RequestStopIfSingleUsedDaemon] Requesting daemon stop after processing Build{id=59d47f38-da5a-42c8-96ac-1f4cf86a6426, currentDir=D:\Users\wxinc\OneDrive\Desktop\Minecraft-modding-stuff\Create-Train-Station-Speakers}
2026-04-03T13:21:10.129-0500 [DEBUG] [org.gradle.launcher.daemon.server.clientinput.ClientInputForwarder] Closing this process' stdin at end of input.
2026-04-03T13:21:10.129-0500 [LIFECYCLE] [org.gradle.launcher.daemon.server.DaemonStateCoordinator] Daemon will be stopped at the end of the build 
2026-04-03T13:21:10.129-0500 [DEBUG] [org.gradle.launcher.daemon.server.clientinput.ClientInputForwarder] This process will no longer process any forwarded input.
2026-04-03T13:21:10.130-0500 [DEBUG] [org.gradle.launcher.daemon.server.DaemonStateCoordinator] Stop as soon as idle requested. The daemon is busy: true
2026-04-03T13:21:10.130-0500 [DEBUG] [org.gradle.launcher.daemon.server.DaemonStateCoordinator] daemon stop has been requested. Sleeping until state changes.
2026-04-03T13:21:10.131-0500 [DEBUG] [org.gradle.launcher.daemon.server.exec.ExecuteBuild] The daemon has started executing the build.
2026-04-03T13:21:10.131-0500 [DEBUG] [org.gradle.launcher.daemon.server.exec.ExecuteBuild] Executing build with daemon context: DefaultDaemonContext[uid=0d38ce03-27ee-430c-8b23-510db7ff8d21,javaHome=C:\Program Files\Java\jdk-17,javaVersion=17,daemonRegistryDir=D:\Users\wxinc\OneDrive\Desktop\Minecraft-modding-stuff\Create-Train-Station-Speakers\.gradle-user-home\daemon,pid=24648,idleTimeout=120000,priority=NORMAL,applyInstrumentationAgent=true,nativeServicesMode=ENABLED,daemonOpts=--add-opens=java.base/java.util=ALL-UNNAMED,--add-opens=java.base/java.lang=ALL-UNNAMED,--add-opens=java.base/java.lang.invoke=ALL-UNNAMED,--add-opens=java.prefs/java.util.prefs=ALL-UNNAMED,--add-opens=java.base/java.nio.charset=ALL-UNNAMED,--add-opens=java.base/java.net=ALL-UNNAMED,--add-opens=java.base/java.util.concurrent.atomic=ALL-UNNAMED,-Xmx3G,-Dfile.encoding=windows-1252,-Duser.country=US,-Duser.language=en,-Duser.variant]
Java: 17.0.12, JVM: 17.0.12+8-LTS-286 (Oracle Corporation), Arch: amd64
D:\Users\wxinc\OneDrive\Desktop\Minecraft-modding-stuff\Create-Train-Station-Speakers\src\main\java\net\rslover521\createTrainStationSpeakers\Config.java:47: warning: [removal] ResourceLocation(String) in ResourceLocation has been deprecated and marked for removal
        return obj instanceof final String itemName && ForgeRegistries.ITEMS.containsKey(new ResourceLocation(itemName));
                                                                                         ^
D:\Users\wxinc\OneDrive\Desktop\Minecraft-modding-stuff\Create-Train-Station-Speakers\src\main\java\net\rslover521\createTrainStationSpeakers\Config.java:59: warning: [removal] ResourceLocation(String) in ResourceLocation has been deprecated and marked for removal
                .map(itemName -> ForgeRegistries.ITEMS.getValue(new ResourceLocation(itemName)))
                                                                ^
D:\Users\wxinc\OneDrive\Desktop\Minecraft-modding-stuff\Create-Train-Station-Speakers\src\main\java\net\rslover521\createTrainStationSpeakers\CTSBlockEntityTypes.java:16: error: incompatible types: invalid constructor reference
                    .of(SpeakerBlockEntity::new, CTSBlocks.SPEAKER.get())
                        ^
    constructor SpeakerBlockEntity in class SpeakerBlockEntity cannot be applied to given types
      required: BlockEntityType<?>,BlockPos,BlockState
      found:    BlockPos,BlockState
      reason: actual and formal argument lists differ in length
D:\Users\wxinc\OneDrive\Desktop\Minecraft-modding-stuff\Create-Train-Station-Speakers\src\main\java\net\rslover521\createTrainStationSpeakers\CTSBlockEntityTypes.java:16: error: incompatible types: cannot infer type-variable(s) T
                    .of(SpeakerBlockEntity::new, CTSBlocks.SPEAKER.get())
                       ^
    (argument mismatch; invalid constructor reference
      constructor SpeakerBlockEntity in class SpeakerBlockEntity cannot be applied to given types
        required: BlockEntityType<?>,BlockPos,BlockState
        found:    BlockPos,BlockState
        reason: actual and formal argument lists differ in length)
  where T is a type-variable:
    T extends BlockEntity declared in method <T>of(BlockEntitySupplier<? extends T>,Block...)
Note: D:\Users\wxinc\OneDrive\Desktop\Minecraft-modding-stuff\Create-Train-Station-Speakers\src\main\java\net\rslover521\createTrainStationSpeakers\content\speaker\SpeakerBlock.java uses or overrides a deprecated API.
Note: Recompile with -Xlint:deprecation for details.
Note: Some messages have been simplified; recompile with -Xdiags:verbose to get full output
2 errors
2 warnings

FAILURE: Build failed with an exception.

* What went wrong:
Execution failed for task ':compileJava'.
> Compilation failed; see the compiler error output for details.

* Try:
> Run with --info option to get more log output.
> Run with --scan to get full insights.

Deprecated Gradle features were used in this build, making it incompatible with Gradle 9.0.

You can use '--warning-mode all' to show the individual deprecation warnings and determine if they come from your own scripts or plugins.

For more on this, please refer to https://docs.gradle.org/8.8/userguide/command_line_interface.html#sec:command_line_warnings in the Gradle documentation.

BUILD FAILED in 31s
1 actionable task: 1 executed
2026-04-03T13:21:39.052-0500 [DEBUG] [org.gradle.launcher.daemon.server.exec.ExecuteBuild] The daemon has finished executing the build.
2026-04-03T13:21:39.069-0500 [DEBUG] [org.gradle.launcher.daemon.server.DaemonStateCoordinator] daemon stop has been requested. Sleeping until state changes.
2026-04-03T13:21:39.069-0500 [DEBUG] [org.gradle.launcher.daemon.server.DaemonStateCoordinator] Command execution: finished waiting for DaemonCommandExecution[command = Build{id=59d47f38-da5a-42c8-96ac-1f4cf86a6426, currentDir=D:\Users\wxinc\OneDrive\Desktop\Minecraft-modding-stuff\Create-Train-Station-Speakers}, connection = DefaultDaemonConnection: socket connection from /127.0.0.1:51323 to /127.0.0.1:51324]. Result org.gradle.launcher.daemon.server.DaemonStateCoordinator@439b7738 with state StopRequested
2026-04-03T13:21:39.070-0500 [DEBUG] [org.gradle.launcher.daemon.server.DaemonStateCoordinator] Command execution: completed DaemonCommandExecution[command = Build{id=59d47f38-da5a-42c8-96ac-1f4cf86a6426, currentDir=D:\Users\wxinc\OneDrive\Desktop\Minecraft-modding-stuff\Create-Train-Station-Speakers}, connection = DefaultDaemonConnection: socket connection from /127.0.0.1:51323 to /127.0.0.1:51324]
2026-04-03T13:21:39.070-0500 [DEBUG] [org.gradle.launcher.daemon.server.DaemonStateCoordinator] resetting idle timer
2026-04-03T13:21:39.070-0500 [DEBUG] [org.gradle.launcher.daemon.server.DaemonStateCoordinator] Marking daemon stopped due to command completed and stop requested. The daemon is running a build: false
2026-04-03T13:21:39.070-0500 [DEBUG] [org.gradle.launcher.daemon.server.DaemonStateCoordinator] daemon has stopped.
2026-04-03T13:21:39.070-0500 [DEBUG] [org.gradle.launcher.daemon.server.exec.ReturnResult] Daemon is dispatching the build result: Success[value=org.gradle.launcher.exec.BuildActionResult@3ac101f1]
2026-04-03T13:21:39.070-0500 [DEBUG] [org.gradle.launcher.daemon.server.Daemon] stop() called on daemon
2026-04-03T13:21:39.070-0500 [DEBUG] [org.gradle.launcher.daemon.server.SynchronizedDispatchConnection] thread 29: dispatching Success[value=org.gradle.launcher.exec.BuildActionResult@3ac101f1]
2026-04-03T13:21:39.070-0500 [INFO] [org.gradle.launcher.daemon.server.Daemon] Stop requested. Daemon is removing its presence from the registry...
2026-04-03T13:21:39.071-0500 [DEBUG] [org.gradle.launcher.daemon.server.DaemonRegistryUpdater] Removing our presence to clients, eg. removing this address from the registry: [195787f0-9f32-4c49-89a9-cae64f0eebe7 port:51323, addresses:[localhost/127.0.0.1]]
2026-04-03T13:21:39.071-0500 [DEBUG] [org.gradle.launcher.daemon.registry.PersistentDaemonRegistry] Removing daemon address: [195787f0-9f32-4c49-89a9-cae64f0eebe7 port:51323, addresses:[localhost/127.0.0.1]]
2026-04-03T13:21:39.072-0500 [DEBUG] [org.gradle.cache.internal.DefaultFileLockManager] Waiting to acquire exclusive lock on daemon addresses registry.
2026-04-03T13:21:39.073-0500 [DEBUG] [org.gradle.cache.internal.DefaultFileLockManager] Lock acquired on daemon addresses registry.
2026-04-03T13:21:39.074-0500 [DEBUG] [org.gradle.cache.internal.DefaultFileLockManager] Releasing lock on daemon addresses registry.
2026-04-03T13:21:39.074-0500 [DEBUG] [org.gradle.launcher.daemon.server.DaemonRegistryUpdater] Address removed from registry.
2026-04-03T13:21:39.080-0500 [DEBUG] [org.gradle.launcher.daemon.server.exec.CleanUpVirtualFileSystemAfterBuild] Cleaning virtual file system after build finished
2026-04-03T13:21:39.080-0500 [DEBUG] [org.gradle.launcher.daemon.server.DefaultIncomingConnectionHandler] Finishing executing command: Build{id=59d47f38-da5a-42c8-96ac-1f4cf86a6426, currentDir=D:\Users\wxinc\OneDrive\Desktop\Minecraft-modding-stuff\Create-Train-Station-Speakers}
2026-04-03T13:21:39.120-0500 [DEBUG] [org.gradle.launcher.daemon.server.SynchronizedDispatchConnection] thread 30: received class org.gradle.launcher.daemon.protocol.Finished
2026-04-03T13:21:39.120-0500 [DEBUG] [org.gradle.launcher.daemon.server.DefaultDaemonConnection] thread 30: Received non-IO message from client: org.gradle.launcher.daemon.protocol.Finished@4b0d25ae
2026-04-03T13:21:39.121-0500 [DEBUG] [org.gradle.launcher.daemon.server.DefaultIncomingConnectionHandler] Received finished message: org.gradle.launcher.daemon.protocol.Finished@4b0d25ae
2026-04-03T13:21:39.121-0500 [DEBUG] [org.gradle.launcher.daemon.server.SynchronizedDispatchConnection] thread 29: stopping connection
2026-04-03T13:21:39.123-0500 [DEBUG] [org.gradle.internal.remote.internal.inet.SocketConnection] Discarding EOFException: java.io.EOFException
2026-04-03T13:21:39.123-0500 [DEBUG] [org.gradle.launcher.daemon.server.SynchronizedDispatchConnection] thread 30: received null
2026-04-03T13:21:39.123-0500 [DEBUG] [org.gradle.launcher.daemon.server.DefaultDaemonConnection] thread 30: Received end-of-input from client.
2026-04-03T13:21:39.124-0500 [DEBUG] [org.gradle.launcher.daemon.server.SynchronizedDispatchConnection] thread 29: stopping connection
2026-04-03T13:21:39.128-0500 [DEBUG] [org.gradle.cache.internal.LockOnDemandCrossProcessCacheAccess] Releasing file lock for jars (D:\Users\wxinc\OneDrive\Desktop\Minecraft-modding-stuff\Create-Train-Station-Speakers\.gradle-user-home\caches\jars-9)
2026-04-03T13:21:39.129-0500 [DEBUG] [org.gradle.cache.internal.DefaultFileLockManager] Releasing lock on jars (D:\Users\wxinc\OneDrive\Desktop\Minecraft-modding-stuff\Create-Train-Station-Speakers\.gradle-user-home\caches\jars-9).
2026-04-03T13:21:39.129-0500 [DEBUG] [org.gradle.cache.internal.DefaultPersistentDirectoryStore] jars (D:\Users\wxinc\OneDrive\Desktop\Minecraft-modding-stuff\Create-Train-Station-Speakers\.gradle-user-home\caches\jars-9) has last been fully cleaned up 232 hours ago
2026-04-03T13:21:39.130-0500 [DEBUG] [org.gradle.internal.operations.DefaultBuildOperationRunner] Build operation 'jars (D:\Users\wxinc\OneDrive\Desktop\Minecraft-modding-stuff\Create-Train-Station-Speakers\.gradle-user-home\caches\jars-9)' started
2026-04-03T13:21:39.143-0500 [INFO] [org.gradle.cache.internal.AbstractCacheCleanup] jars (D:\Users\wxinc\OneDrive\Desktop\Minecraft-modding-stuff\Create-Train-Station-Speakers\.gradle-user-home\caches\jars-9) cleanup deleted 0 files/directories.
2026-04-03T13:21:39.144-0500 [INFO] [org.gradle.cache.internal.LeastRecentlyUsedCacheCleanup] jars (D:\Users\wxinc\OneDrive\Desktop\Minecraft-modding-stuff\Create-Train-Station-Speakers\.gradle-user-home\caches\jars-9) removing files not accessed on or after Fri Mar 27 13:21:12 CDT 2026.
2026-04-03T13:21:39.147-0500 [INFO] [org.gradle.cache.internal.AbstractCacheCleanup] jars (D:\Users\wxinc\OneDrive\Desktop\Minecraft-modding-stuff\Create-Train-Station-Speakers\.gradle-user-home\caches\jars-9) cleanup deleted 0 files/directories.
2026-04-03T13:21:39.148-0500 [INFO] [org.gradle.cache.internal.DefaultPersistentDirectoryStore] jars (D:\Users\wxinc\OneDrive\Desktop\Minecraft-modding-stuff\Create-Train-Station-Speakers\.gradle-user-home\caches\jars-9) cleaned up in 0.017 secs.
2026-04-03T13:21:39.148-0500 [DEBUG] [org.gradle.internal.operations.DefaultBuildOperationRunner] Completing Build operation 'jars (D:\Users\wxinc\OneDrive\Desktop\Minecraft-modding-stuff\Create-Train-Station-Speakers\.gradle-user-home\caches\jars-9)'
2026-04-03T13:21:39.148-0500 [DEBUG] [org.gradle.internal.operations.DefaultBuildOperationRunner] Build operation 'jars (D:\Users\wxinc\OneDrive\Desktop\Minecraft-modding-stuff\Create-Train-Station-Speakers\.gradle-user-home\caches\jars-9)' completed
2026-04-03T13:21:39.148-0500 [DEBUG] [org.gradle.cache.internal.LockOnDemandCrossProcessCacheAccess] Releasing file lock for file content cache (D:\Users\wxinc\OneDrive\Desktop\Minecraft-modding-stuff\Create-Train-Station-Speakers\.gradle-user-home\caches\8.8\fileContent)
2026-04-03T13:21:39.149-0500 [DEBUG] [org.gradle.cache.internal.btree.BTreePersistentIndexedCache] Closing cache annotation-processors.bin (D:\Users\wxinc\OneDrive\Desktop\Minecraft-modding-stuff\Create-Train-Station-Speakers\.gradle-user-home\caches\8.8\fileContent\annotation-processors.bin)
2026-04-03T13:21:39.149-0500 [DEBUG] [org.gradle.cache.internal.DefaultFileLockManager] Releasing lock on file content cache (D:\Users\wxinc\OneDrive\Desktop\Minecraft-modding-stuff\Create-Train-Station-Speakers\.gradle-user-home\caches\8.8\fileContent).
2026-04-03T13:21:39.149-0500 [DEBUG] [org.gradle.internal.watch.vfs.impl.WatchingVirtualFileSystem] Closing VFS, dropping state
2026-04-03T13:21:39.152-0500 [DEBUG] [org.gradle.internal.watch.registry.impl.DefaultFileWatcherRegistry] Finished listening to file system change events
2026-04-03T13:21:39.152-0500 [DEBUG] [org.gradle.cache.internal.DefaultCacheCoordinator] Cache Generated Gradle JARs cache (D:\Users\wxinc\OneDrive\Desktop\Minecraft-modding-stuff\Create-Train-Station-Speakers\.gradle-user-home\caches\8.8\generated-gradle-jars) was closed 0 times.
2026-04-03T13:21:39.153-0500 [DEBUG] [org.gradle.cache.internal.LockOnDemandCrossProcessCacheAccess] Releasing file lock for artifact cache (D:\Users\wxinc\OneDrive\Desktop\Minecraft-modding-stuff\Create-Train-Station-Speakers\.gradle-user-home\caches\modules-2)
2026-04-03T13:21:39.153-0500 [DEBUG] [org.gradle.cache.internal.btree.BTreePersistentIndexedCache] Closing cache module-artifact.bin (D:\Users\wxinc\OneDrive\Desktop\Minecraft-modding-stuff\Create-Train-Station-Speakers\.gradle-user-home\caches\modules-2\metadata-2.106\module-artifact.bin)
2026-04-03T13:21:39.153-0500 [DEBUG] [org.gradle.cache.internal.btree.BTreePersistentIndexedCache] Closing cache resource-at-url.bin (D:\Users\wxinc\OneDrive\Desktop\Minecraft-modding-stuff\Create-Train-Station-Speakers\.gradle-user-home\caches\modules-2\metadata-2.106\resource-at-url.bin)
2026-04-03T13:21:39.154-0500 [DEBUG] [org.gradle.cache.internal.btree.BTreePersistentIndexedCache] Closing cache module-metadata.bin (D:\Users\wxinc\OneDrive\Desktop\Minecraft-modding-stuff\Create-Train-Station-Speakers\.gradle-user-home\caches\modules-2\metadata-2.106\module-metadata.bin)
2026-04-03T13:21:39.154-0500 [DEBUG] [org.gradle.cache.internal.btree.BTreePersistentIndexedCache] Closing cache module-versions.bin (D:\Users\wxinc\OneDrive\Desktop\Minecraft-modding-stuff\Create-Train-Station-Speakers\.gradle-user-home\caches\modules-2\metadata-2.106\module-versions.bin)
2026-04-03T13:21:39.154-0500 [DEBUG] [org.gradle.cache.internal.DefaultFileLockManager] Releasing lock on artifact cache (D:\Users\wxinc\OneDrive\Desktop\Minecraft-modding-stuff\Create-Train-Station-Speakers\.gradle-user-home\caches\modules-2).
2026-04-03T13:21:39.155-0500 [DEBUG] [org.gradle.cache.internal.DefaultPersistentDirectoryStore] artifact cache (D:\Users\wxinc\OneDrive\Desktop\Minecraft-modding-stuff\Create-Train-Station-Speakers\.gradle-user-home\caches\modules-2) has last been fully cleaned up 232 hours ago
2026-04-03T13:21:39.156-0500 [DEBUG] [org.gradle.internal.operations.DefaultBuildOperationRunner] Build operation 'artifact cache (D:\Users\wxinc\OneDrive\Desktop\Minecraft-modding-stuff\Create-Train-Station-Speakers\.gradle-user-home\caches\modules-2)' started
2026-04-03T13:21:39.157-0500 [INFO] [org.gradle.cache.internal.AbstractCacheCleanup] artifact cache (D:\Users\wxinc\OneDrive\Desktop\Minecraft-modding-stuff\Create-Train-Station-Speakers\.gradle-user-home\caches\modules-2) cleanup deleted 0 files/directories.
2026-04-03T13:21:39.161-0500 [INFO] [org.gradle.cache.internal.AbstractCacheCleanup] artifact cache (D:\Users\wxinc\OneDrive\Desktop\Minecraft-modding-stuff\Create-Train-Station-Speakers\.gradle-user-home\caches\modules-2) [subdir: D:\Users\wxinc\OneDrive\Desktop\Minecraft-modding-stuff\Create-Train-Station-Speakers\.gradle-user-home\caches\modules-2\resources-2.1] cleanup deleted 0 files/directories.
2026-04-03T13:21:39.161-0500 [INFO] [org.gradle.cache.internal.LeastRecentlyUsedCacheCleanup] artifact cache (D:\Users\wxinc\OneDrive\Desktop\Minecraft-modding-stuff\Create-Train-Station-Speakers\.gradle-user-home\caches\modules-2) [subdir: D:\Users\wxinc\OneDrive\Desktop\Minecraft-modding-stuff\Create-Train-Station-Speakers\.gradle-user-home\caches\modules-2\resources-2.1] removing files not accessed on or after Wed Mar 04 12:21:12 CST 2026.
2026-04-03T13:21:39.164-0500 [INFO] [org.gradle.cache.internal.AbstractCacheCleanup] artifact cache (D:\Users\wxinc\OneDrive\Desktop\Minecraft-modding-stuff\Create-Train-Station-Speakers\.gradle-user-home\caches\modules-2) [subdir: D:\Users\wxinc\OneDrive\Desktop\Minecraft-modding-stuff\Create-Train-Station-Speakers\.gradle-user-home\caches\modules-2\resources-2.1] cleanup deleted 0 files/directories.
2026-04-03T13:21:39.166-0500 [INFO] [org.gradle.cache.internal.AbstractCacheCleanup] artifact cache (D:\Users\wxinc\OneDrive\Desktop\Minecraft-modding-stuff\Create-Train-Station-Speakers\.gradle-user-home\caches\modules-2) [subdir: D:\Users\wxinc\OneDrive\Desktop\Minecraft-modding-stuff\Create-Train-Station-Speakers\.gradle-user-home\caches\modules-2\files-2.1] cleanup deleted 0 files/directories.
2026-04-03T13:21:39.166-0500 [INFO] [org.gradle.cache.internal.LeastRecentlyUsedCacheCleanup] artifact cache (D:\Users\wxinc\OneDrive\Desktop\Minecraft-modding-stuff\Create-Train-Station-Speakers\.gradle-user-home\caches\modules-2) [subdir: D:\Users\wxinc\OneDrive\Desktop\Minecraft-modding-stuff\Create-Train-Station-Speakers\.gradle-user-home\caches\modules-2\files-2.1] removing files not accessed on or after Wed Mar 04 12:21:12 CST 2026.
2026-04-03T13:21:39.260-0500 [INFO] [org.gradle.cache.internal.AbstractCacheCleanup] artifact cache (D:\Users\wxinc\OneDrive\Desktop\Minecraft-modding-stuff\Create-Train-Station-Speakers\.gradle-user-home\caches\modules-2) [subdir: D:\Users\wxinc\OneDrive\Desktop\Minecraft-modding-stuff\Create-Train-Station-Speakers\.gradle-user-home\caches\modules-2\files-2.1] cleanup deleted 0 files/directories.
2026-04-03T13:21:39.261-0500 [INFO] [org.gradle.cache.internal.AbstractCacheCleanup] artifact cache (D:\Users\wxinc\OneDrive\Desktop\Minecraft-modding-stuff\Create-Train-Station-Speakers\.gradle-user-home\caches\modules-2) [subdir: D:\Users\wxinc\OneDrive\Desktop\Minecraft-modding-stuff\Create-Train-Station-Speakers\.gradle-user-home\caches\modules-2\metadata-2.106] cleanup deleted 0 files/directories.
2026-04-03T13:21:39.263-0500 [INFO] [org.gradle.cache.internal.AbstractCacheCleanup] artifact cache (D:\Users\wxinc\OneDrive\Desktop\Minecraft-modding-stuff\Create-Train-Station-Speakers\.gradle-user-home\caches\modules-2) cleanup deleted 0 files/directories.
2026-04-03T13:21:39.263-0500 [INFO] [org.gradle.cache.internal.DefaultPersistentDirectoryStore] artifact cache (D:\Users\wxinc\OneDrive\Desktop\Minecraft-modding-stuff\Create-Train-Station-Speakers\.gradle-user-home\caches\modules-2) cleaned up in 0.107 secs.
2026-04-03T13:21:39.263-0500 [DEBUG] [org.gradle.internal.operations.DefaultBuildOperationRunner] Completing Build operation 'artifact cache (D:\Users\wxinc\OneDrive\Desktop\Minecraft-modding-stuff\Create-Train-Station-Speakers\.gradle-user-home\caches\modules-2)'
2026-04-03T13:21:39.263-0500 [DEBUG] [org.gradle.internal.operations.DefaultBuildOperationRunner] Build operation 'artifact cache (D:\Users\wxinc\OneDrive\Desktop\Minecraft-modding-stuff\Create-Train-Station-Speakers\.gradle-user-home\caches\modules-2)' completed
2026-04-03T13:21:39.264-0500 [DEBUG] [org.gradle.cache.internal.DefaultPersistentDirectoryStore] groovy-dsl (D:\Users\wxinc\OneDrive\Desktop\Minecraft-modding-stuff\Create-Train-Station-Speakers\.gradle-user-home\caches\8.8\groovy-dsl) has last been fully cleaned up 232 hours ago
2026-04-03T13:21:39.264-0500 [DEBUG] [org.gradle.internal.operations.DefaultBuildOperationRunner] Build operation 'groovy-dsl (D:\Users\wxinc\OneDrive\Desktop\Minecraft-modding-stuff\Create-Train-Station-Speakers\.gradle-user-home\caches\8.8\groovy-dsl)' started
2026-04-03T13:21:39.264-0500 [INFO] [org.gradle.cache.internal.LeastRecentlyUsedCacheCleanup] groovy-dsl (D:\Users\wxinc\OneDrive\Desktop\Minecraft-modding-stuff\Create-Train-Station-Speakers\.gradle-user-home\caches\8.8\groovy-dsl) removing files not accessed on or after Fri Mar 27 13:21:12 CDT 2026.
2026-04-03T13:21:39.348-0500 [INFO] [org.gradle.cache.internal.AbstractCacheCleanup] groovy-dsl (D:\Users\wxinc\OneDrive\Desktop\Minecraft-modding-stuff\Create-Train-Station-Speakers\.gradle-user-home\caches\8.8\groovy-dsl) cleanup deleted 2 files/directories.
2026-04-03T13:21:39.349-0500 [INFO] [org.gradle.cache.internal.DefaultPersistentDirectoryStore] groovy-dsl (D:\Users\wxinc\OneDrive\Desktop\Minecraft-modding-stuff\Create-Train-Station-Speakers\.gradle-user-home\caches\8.8\groovy-dsl) cleaned up in 0.084 secs.
2026-04-03T13:21:39.349-0500 [DEBUG] [org.gradle.internal.operations.DefaultBuildOperationRunner] Completing Build operation 'groovy-dsl (D:\Users\wxinc\OneDrive\Desktop\Minecraft-modding-stuff\Create-Train-Station-Speakers\.gradle-user-home\caches\8.8\groovy-dsl)'
2026-04-03T13:21:39.349-0500 [DEBUG] [org.gradle.internal.operations.DefaultBuildOperationRunner] Build operation 'groovy-dsl (D:\Users\wxinc\OneDrive\Desktop\Minecraft-modding-stuff\Create-Train-Station-Speakers\.gradle-user-home\caches\8.8\groovy-dsl)' completed
2026-04-03T13:21:39.349-0500 [DEBUG] [org.gradle.cache.internal.DefaultCacheCoordinator] Cache groovy-dsl (D:\Users\wxinc\OneDrive\Desktop\Minecraft-modding-stuff\Create-Train-Station-Speakers\.gradle-user-home\caches\8.8\groovy-dsl) was closed 0 times.
2026-04-03T13:21:39.350-0500 [DEBUG] [org.gradle.cache.internal.DefaultPersistentDirectoryStore] Artifact transforms cache (D:\Users\wxinc\OneDrive\Desktop\Minecraft-modding-stuff\Create-Train-Station-Speakers\.gradle-user-home\caches\8.8\transforms) has last been fully cleaned up 232 hours ago
2026-04-03T13:21:39.350-0500 [DEBUG] [org.gradle.internal.operations.DefaultBuildOperationRunner] Build operation 'Artifact transforms cache (D:\Users\wxinc\OneDrive\Desktop\Minecraft-modding-stuff\Create-Train-Station-Speakers\.gradle-user-home\caches\8.8\transforms)' started
2026-04-03T13:21:39.350-0500 [INFO] [org.gradle.cache.internal.LeastRecentlyUsedCacheCleanup] Artifact transforms cache (D:\Users\wxinc\OneDrive\Desktop\Minecraft-modding-stuff\Create-Train-Station-Speakers\.gradle-user-home\caches\8.8\transforms) removing files not accessed on or after Fri Mar 27 13:21:12 CDT 2026.
2026-04-03T13:21:39.380-0500 [INFO] [org.gradle.cache.internal.AbstractCacheCleanup] Artifact transforms cache (D:\Users\wxinc\OneDrive\Desktop\Minecraft-modding-stuff\Create-Train-Station-Speakers\.gradle-user-home\caches\8.8\transforms) cleanup deleted 5 files/directories.
2026-04-03T13:21:39.381-0500 [INFO] [org.gradle.cache.internal.DefaultPersistentDirectoryStore] Artifact transforms cache (D:\Users\wxinc\OneDrive\Desktop\Minecraft-modding-stuff\Create-Train-Station-Speakers\.gradle-user-home\caches\8.8\transforms) cleaned up in 0.03 secs.
2026-04-03T13:21:39.381-0500 [DEBUG] [org.gradle.internal.operations.DefaultBuildOperationRunner] Completing Build operation 'Artifact transforms cache (D:\Users\wxinc\OneDrive\Desktop\Minecraft-modding-stuff\Create-Train-Station-Speakers\.gradle-user-home\caches\8.8\transforms)'
2026-04-03T13:21:39.381-0500 [DEBUG] [org.gradle.internal.operations.DefaultBuildOperationRunner] Build operation 'Artifact transforms cache (D:\Users\wxinc\OneDrive\Desktop\Minecraft-modding-stuff\Create-Train-Station-Speakers\.gradle-user-home\caches\8.8\transforms)' completed
2026-04-03T13:21:39.382-0500 [DEBUG] [org.gradle.cache.internal.DefaultCacheCoordinator] Cache Artifact transforms cache (D:\Users\wxinc\OneDrive\Desktop\Minecraft-modding-stuff\Create-Train-Station-Speakers\.gradle-user-home\caches\8.8\transforms) was closed 0 times.
2026-04-03T13:21:39.382-0500 [DEBUG] [org.gradle.cache.internal.LockOnDemandCrossProcessCacheAccess] Releasing file lock for journal cache (D:\Users\wxinc\OneDrive\Desktop\Minecraft-modding-stuff\Create-Train-Station-Speakers\.gradle-user-home\caches\journal-1)
2026-04-03T13:21:39.382-0500 [DEBUG] [org.gradle.cache.internal.btree.BTreePersistentIndexedCache] Closing cache file-access.bin (D:\Users\wxinc\OneDrive\Desktop\Minecraft-modding-stuff\Create-Train-Station-Speakers\.gradle-user-home\caches\journal-1\file-access.bin)
2026-04-03T13:21:39.382-0500 [DEBUG] [org.gradle.cache.internal.DefaultFileLockManager] Releasing lock on journal cache (D:\Users\wxinc\OneDrive\Desktop\Minecraft-modding-stuff\Create-Train-Station-Speakers\.gradle-user-home\caches\journal-1).
2026-04-03T13:21:39.383-0500 [DEBUG] [org.gradle.cache.internal.LockOnDemandCrossProcessCacheAccess] Releasing file lock for file hash cache (D:\Users\wxinc\OneDrive\Desktop\Minecraft-modding-stuff\Create-Train-Station-Speakers\.gradle-user-home\caches\8.8\fileHashes)
2026-04-03T13:21:39.383-0500 [DEBUG] [org.gradle.cache.internal.btree.BTreePersistentIndexedCache] Closing cache fileHashes.bin (D:\Users\wxinc\OneDrive\Desktop\Minecraft-modding-stuff\Create-Train-Station-Speakers\.gradle-user-home\caches\8.8\fileHashes\fileHashes.bin)
2026-04-03T13:21:39.384-0500 [DEBUG] [org.gradle.cache.internal.btree.BTreePersistentIndexedCache] Closing cache resourceHashesCache.bin (D:\Users\wxinc\OneDrive\Desktop\Minecraft-modding-stuff\Create-Train-Station-Speakers\.gradle-user-home\caches\8.8\fileHashes\resourceHashesCache.bin)
2026-04-03T13:21:39.384-0500 [DEBUG] [org.gradle.cache.internal.DefaultFileLockManager] Releasing lock on file hash cache (D:\Users\wxinc\OneDrive\Desktop\Minecraft-modding-stuff\Create-Train-Station-Speakers\.gradle-user-home\caches\8.8\fileHashes).
2026-04-03T13:21:39.385-0500 [DEBUG] [org.gradle.cache.internal.LockOnDemandCrossProcessCacheAccess] Releasing file lock for Java compile cache (D:\Users\wxinc\OneDrive\Desktop\Minecraft-modding-stuff\Create-Train-Station-Speakers\.gradle-user-home\caches\8.8\javaCompile)
2026-04-03T13:21:39.385-0500 [DEBUG] [org.gradle.cache.internal.btree.BTreePersistentIndexedCache] Closing cache jarAnalysis.bin (D:\Users\wxinc\OneDrive\Desktop\Minecraft-modding-stuff\Create-Train-Station-Speakers\.gradle-user-home\caches\8.8\javaCompile\jarAnalysis.bin)
2026-04-03T13:21:39.385-0500 [DEBUG] [org.gradle.cache.internal.DefaultFileLockManager] Releasing lock on Java compile cache (D:\Users\wxinc\OneDrive\Desktop\Minecraft-modding-stuff\Create-Train-Station-Speakers\.gradle-user-home\caches\8.8\javaCompile).
2026-04-03T13:21:39.387-0500 [DEBUG] [org.gradle.internal.operations.DefaultBuildOperationRunner] Build operation 'Deleting unused version-specific caches in D:\Users\wxinc\OneDrive\Desktop\Minecraft-modding-stuff\Create-Train-Station-Speakers\.gradle-user-home\caches' started
2026-04-03T13:21:39.405-0500 [DEBUG] [org.gradle.cache.internal.VersionSpecificCacheCleanupAction] Processed version-specific caches at D:\Users\wxinc\OneDrive\Desktop\Minecraft-modding-stuff\Create-Train-Station-Speakers\.gradle-user-home\caches for cleanup in 0.017 secs
2026-04-03T13:21:39.405-0500 [DEBUG] [org.gradle.internal.operations.DefaultBuildOperationRunner] Completing Build operation 'Deleting unused version-specific caches in D:\Users\wxinc\OneDrive\Desktop\Minecraft-modding-stuff\Create-Train-Station-Speakers\.gradle-user-home\caches'
2026-04-03T13:21:39.405-0500 [DEBUG] [org.gradle.internal.operations.DefaultBuildOperationRunner] Build operation 'Deleting unused version-specific caches in D:\Users\wxinc\OneDrive\Desktop\Minecraft-modding-stuff\Create-Train-Station-Speakers\.gradle-user-home\caches' completed
2026-04-03T13:21:39.409-0500 [DEBUG] [org.gradle.internal.operations.DefaultBuildOperationRunner] Build operation 'Deleting unused Gradle distributions in D:\Users\wxinc\OneDrive\Desktop\Minecraft-modding-stuff\Create-Train-Station-Speakers\.gradle-user-home\wrapper\dists' started
2026-04-03T13:21:39.413-0500 [DEBUG] [org.gradle.internal.operations.DefaultBuildOperationRunner] Completing Build operation 'Deleting unused Gradle distributions in D:\Users\wxinc\OneDrive\Desktop\Minecraft-modding-stuff\Create-Train-Station-Speakers\.gradle-user-home\wrapper\dists'
2026-04-03T13:21:39.413-0500 [DEBUG] [org.gradle.internal.operations.DefaultBuildOperationRunner] Build operation 'Deleting unused Gradle distributions in D:\Users\wxinc\OneDrive\Desktop\Minecraft-modding-stuff\Create-Train-Station-Speakers\.gradle-user-home\wrapper\dists' completed
Daemon vm is shutting down... The daemon has exited normally or was terminated in response to a user interrupt.
2026-04-03T13:21:39.415-0500 [DEBUG] [org.gradle.launcher.daemon.registry.PersistentDaemonRegistry] Removing daemon address: [195787f0-9f32-4c49-89a9-cae64f0eebe7 port:51323, addresses:[localhost/127.0.0.1]]
2026-04-03T13:21:39.417-0500 [DEBUG] [org.gradle.cache.internal.DefaultFileLockManager] Waiting to acquire exclusive lock on daemon addresses registry.
2026-04-03T13:21:39.417-0500 [DEBUG] [org.gradle.cache.internal.DefaultFileLockManager] Lock acquired on daemon addresses registry.
2026-04-03T13:21:39.419-0500 [DEBUG] [org.gradle.cache.internal.DefaultFileLockManager] Releasing lock on daemon addresses registry.
